2025-11-18 10:24:08.9343 INFO loggerendpoint RequestUri: http://localhost:64584/api/v1/generar-boleto JsonEntrada: {
    "id_venta":8263563,
    "id_asiento_venta":34252817,
    "va_venta":130.000,
    "co_tipo_tarjeta":"VIS",
    "am_pasajero":"GARRIDO",
    "ap_pasajero":"CANALES",
    "no_pasajero":"ELIECER ANTONIO",
    "nu_documento":"14318831005",
    "id_pasajero":null,
    "id_destino":53,
    "id_ciudad_origen":3,
    "id_ciudad_destino":4,
    "id_usuario":2841,
    "de_total_letras":"TREINTA Y CINCO 00/100 SOLES.",
    "no_oficina_venta":"ONLINE",
    "nu_asiento":14,
    "nu_ip_venta":"",
    "id_programacion":860931,
    "nu_ruc":"14318831002",
    "no_razon_social":"ESYSTEM LIMITADA",
    "de_direccion":"DIRECCION AV 1",
    "id_tipo_documento": 1,
    "id_persona_remitente":32555229,
    "id_pedido":112200,
    "mo_asiento":"I"
}
 
2025-11-18 10:24:09.0100 INFO loggerendpoint {
    "id_venta":8263563,
    "id_asiento_venta":34252817,
    "va_venta":130.000,
    "co_tipo_tarjeta":"VIS",
    "am_pasajero":"GARRIDO",
    "ap_pasajero":"CANALES",
    "no_pasajero":"ELIECER ANTONIO",
    "nu_documento":"14318831005",
    "id_pasajero":null,
    "id_destino":53,
    "id_ciudad_origen":3,
    "id_ciudad_destino":4,
    "id_usuario":2841,
    "de_total_letras":"TREINTA Y CINCO 00/100 SOLES.",
    "no_oficina_venta":"ONLINE",
    "nu_asiento":14,
    "nu_ip_venta":"",
    "id_programacion":860931,
    "nu_ruc":"14318831002",
    "no_razon_social":"ESYSTEM LIMITADA",
    "de_direccion":"DIRECCION AV 1",
    "id_tipo_documento": 1,
    "id_persona_remitente":32555229,
    "id_pedido":112200,
    "mo_asiento":"I"
}
 
2025-11-18 10:26:07.0311 INFO loggerendpoint RequestUri: http://localhost:64584/api/v1/generar-boleto JsonEntrada: {
    "id_venta":8263563,
    "id_asiento_venta":34252817,
    "va_venta":130.000,
    "co_tipo_tarjeta":"VIS",
    "am_pasajero":"GARRIDO",
    "ap_pasajero":"CANALES",
    "no_pasajero":"ELIECER ANTONIO",
    "nu_documento":"14318831005",
    "id_pasajero":null,
    "id_destino":53,
    "id_ciudad_origen":3,
    "id_ciudad_destino":4,
    "id_usuario":2841,
    "de_total_letras":"TREINTA Y CINCO 00/100 SOLES.",
    "no_oficina_venta":"ONLINE",
    "nu_asiento":14,
    "nu_ip_venta":"",
    "id_programacion":860931,
    "nu_ruc":"14318831002",
    "no_razon_social":"ESYSTEM LIMITADA",
    "de_direccion":"DIRECCION AV 1",
    "id_tipo_documento": 1,
    "id_persona_remitente":32555229,
    "id_pedido":112200,
    "mo_asiento":"I"
}
 
2025-11-18 10:26:07.0830 INFO loggerendpoint {
    "id_venta":8263563,
    "id_asiento_venta":34252817,
    "va_venta":130.000,
    "co_tipo_tarjeta":"VIS",
    "am_pasajero":"GARRIDO",
    "ap_pasajero":"CANALES",
    "no_pasajero":"ELIECER ANTONIO",
    "nu_documento":"14318831005",
    "id_pasajero":null,
    "id_destino":53,
    "id_ciudad_origen":3,
    "id_ciudad_destino":4,
    "id_usuario":2841,
    "de_total_letras":"TREINTA Y CINCO 00/100 SOLES.",
    "no_oficina_venta":"ONLINE",
    "nu_asiento":14,
    "nu_ip_venta":"",
    "id_programacion":860931,
    "nu_ruc":"14318831002",
    "no_razon_social":"ESYSTEM LIMITADA",
    "de_direccion":"DIRECCION AV 1",
    "id_tipo_documento": 1,
    "id_persona_remitente":32555229,
    "id_pedido":112200,
    "mo_asiento":"I"
}
 
2025-11-18 10:29:27.8904 INFO loggerendpoint RequestUri: http://localhost:64584/api/v1/generar-boleto JsonEntrada: {
    "id_venta":8263563,
    "id_asiento_venta":34252817,
    "va_venta":130.000,
    "co_tipo_tarjeta":"VIS",
    "am_pasajero":"GARRIDO",
    "ap_pasajero":"CANALES",
    "no_pasajero":"ELIECER ANTONIO",
    "nu_documento":"14318831005",
    "id_pasajero":null,
    "id_destino":53,
    "id_ciudad_origen":3,
    "id_ciudad_destino":4,
    "id_usuario":2841,
    "de_total_letras":"TREINTA Y CINCO 00/100 SOLES.",
    "no_oficina_venta":"ONLINE",
    "nu_asiento":14,
    "nu_ip_venta":"",
    "id_programacion":860931,
    "nu_ruc":"14318831002",
    "no_razon_social":"ESYSTEM LIMITADA",
    "de_direccion":"DIRECCION AV 1",
    "id_tipo_documento": 1,
    "id_persona_remitente":32555229
}
 
2025-11-18 10:29:27.9601 INFO loggerendpoint {
    "id_venta":8263563,
    "id_asiento_venta":34252817,
    "va_venta":130.000,
    "co_tipo_tarjeta":"VIS",
    "am_pasajero":"GARRIDO",
    "ap_pasajero":"CANALES",
    "no_pasajero":"ELIECER ANTONIO",
    "nu_documento":"14318831005",
    "id_pasajero":null,
    "id_destino":53,
    "id_ciudad_origen":3,
    "id_ciudad_destino":4,
    "id_usuario":2841,
    "de_total_letras":"TREINTA Y CINCO 00/100 SOLES.",
    "no_oficina_venta":"ONLINE",
    "nu_asiento":14,
    "nu_ip_venta":"",
    "id_programacion":860931,
    "nu_ruc":"14318831002",
    "no_razon_social":"ESYSTEM LIMITADA",
    "de_direccion":"DIRECCION AV 1",
    "id_tipo_documento": 1,
    "id_persona_remitente":32555229
}
 
2025-11-18 10:33:18.7325 INFO loggerendpoint RequestUri: http://localhost:64584/api/v1/generar-boleto JsonEntrada: {
    "id_venta":8263563,
    "id_asiento_venta":34252817,
    "va_venta":130.000,
    "co_tipo_tarjeta":"VIS",
    "am_pasajero":"GARRIDO",
    "ap_pasajero":"CANALES",
    "no_pasajero":"ELIECER ANTONIO",
    "nu_documento":"14318831005",
    "id_pasajero":null,
    "id_destino":53,
    "id_ciudad_origen":3,
    "id_ciudad_destino":4,
    "id_usuario":2841,
    "de_total_letras":"TREINTA Y CINCO 00/100 SOLES.",
    "no_oficina_venta":"ONLINE",
    "nu_asiento":14,
    "nu_ip_venta":"",
    "id_programacion":860931,
    "nu_ruc":"14318831002",
    "no_razon_social":"ESYSTEM LIMITADA",
    "de_direccion":"DIRECCION AV 1",
    "id_tipo_documento": 1,
    "id_persona_remitente":32555229,
    "nu_pedido":5090504,
    "mo_asiento":"I"
}
 
2025-11-18 10:33:18.7911 INFO loggerendpoint {
    "id_venta":8263563,
    "id_asiento_venta":34252817,
    "va_venta":130.000,
    "co_tipo_tarjeta":"VIS",
    "am_pasajero":"GARRIDO",
    "ap_pasajero":"CANALES",
    "no_pasajero":"ELIECER ANTONIO",
    "nu_documento":"14318831005",
    "id_pasajero":null,
    "id_destino":53,
    "id_ciudad_origen":3,
    "id_ciudad_destino":4,
    "id_usuario":2841,
    "de_total_letras":"TREINTA Y CINCO 00/100 SOLES.",
    "no_oficina_venta":"ONLINE",
    "nu_asiento":14,
    "nu_ip_venta":"",
    "id_programacion":860931,
    "nu_ruc":"14318831002",
    "no_razon_social":"ESYSTEM LIMITADA",
    "de_direccion":"DIRECCION AV 1",
    "id_tipo_documento": 1,
    "id_persona_remitente":32555229,
    "nu_pedido":5090504,
    "mo_asiento":"I"
}
 
2025-11-18 10:38:59.0628 INFO loggerendpoint RequestUri: http://localhost:64584/api/v1/generar-boleto JsonEntrada: {
    "id_venta":8263563,
    "id_asiento_venta":34252817,
    "va_venta":130.000,
    "co_tipo_tarjeta":"VIS",
    "am_pasajero":"GARRIDO",
    "ap_pasajero":"CANALES",
    "no_pasajero":"ELIECER ANTONIO",
    "nu_documento":"14318831005",
    "id_pasajero":null,
    "id_destino":53,
    "id_ciudad_origen":3,
    "id_ciudad_destino":4,
    "id_usuario":2841,
    "de_total_letras":"TREINTA Y CINCO 00/100 SOLES.",
    "no_oficina_venta":"ONLINE",
    "nu_asiento":14,
    "nu_ip_venta":"",
    "id_programacion":860931,
    "nu_ruc":"14318831002",
    "no_razon_social":"ESYSTEM LIMITADA",
    "de_direccion":"DIRECCION AV 1",
    "id_tipo_documento": 1,
    "id_persona_remitente":32555229,
    "nu_pedido":3480447,
    "mo_asiento":"I"
}
 
2025-11-18 10:38:59.1121 INFO loggerendpoint {
    "id_venta":8263563,
    "id_asiento_venta":34252817,
    "va_venta":130.000,
    "co_tipo_tarjeta":"VIS",
    "am_pasajero":"GARRIDO",
    "ap_pasajero":"CANALES",
    "no_pasajero":"ELIECER ANTONIO",
    "nu_documento":"14318831005",
    "id_pasajero":null,
    "id_destino":53,
    "id_ciudad_origen":3,
    "id_ciudad_destino":4,
    "id_usuario":2841,
    "de_total_letras":"TREINTA Y CINCO 00/100 SOLES.",
    "no_oficina_venta":"ONLINE",
    "nu_asiento":14,
    "nu_ip_venta":"",
    "id_programacion":860931,
    "nu_ruc":"14318831002",
    "no_razon_social":"ESYSTEM LIMITADA",
    "de_direccion":"DIRECCION AV 1",
    "id_tipo_documento": 1,
    "id_persona_remitente":32555229,
    "nu_pedido":3480447,
    "mo_asiento":"I"
}
 
2025-11-18 10:41:35.4298 INFO loggerendpoint RequestUri: http://localhost:64584/api/v1/generar-boleto JsonEntrada: {
    "id_venta":8263563,
    "id_asiento_venta":34252817,
    "va_venta":130.000,
    "co_tipo_tarjeta":"VIS",
    "am_pasajero":"GARRIDO",
    "ap_pasajero":"CANALES",
    "no_pasajero":"ELIECER ANTONIO",
    "nu_documento":"14318831005",
    "id_pasajero":null,
    "id_destino":53,
    "id_ciudad_origen":3,
    "id_ciudad_destino":4,
    "id_usuario":2841,
    "de_total_letras":"TREINTA Y CINCO 00/100 SOLES.",
    "no_oficina_venta":"ONLINE",
    "nu_asiento":14,
    "nu_ip_venta":"",
    "id_programacion":860931,
    "nu_ruc":"14318831002",
    "no_razon_social":"ESYSTEM LIMITADA",
    "de_direccion":"DIRECCION AV 1",
    "id_tipo_documento": 1,
    "id_persona_remitente":32555229,
    "id_pedido":3480447,
    "mo_asiento":"I"
}
 
2025-11-18 10:41:35.4773 INFO loggerendpoint {
    "id_venta":8263563,
    "id_asiento_venta":34252817,
    "va_venta":130.000,
    "co_tipo_tarjeta":"VIS",
    "am_pasajero":"GARRIDO",
    "ap_pasajero":"CANALES",
    "no_pasajero":"ELIECER ANTONIO",
    "nu_documento":"14318831005",
    "id_pasajero":null,
    "id_destino":53,
    "id_ciudad_origen":3,
    "id_ciudad_destino":4,
    "id_usuario":2841,
    "de_total_letras":"TREINTA Y CINCO 00/100 SOLES.",
    "no_oficina_venta":"ONLINE",
    "nu_asiento":14,
    "nu_ip_venta":"",
    "id_programacion":860931,
    "nu_ruc":"14318831002",
    "no_razon_social":"ESYSTEM LIMITADA",
    "de_direccion":"DIRECCION AV 1",
    "id_tipo_documento": 1,
    "id_persona_remitente":32555229,
    "id_pedido":3480447,
    "mo_asiento":"I"
}
 
