2025-10-20 01:53:42.7842 INFO loggerendpoint {"Codigoresultado":0,"Resultado":"OK","Data":[{"id_programacion_padre":860930,"id_programacion":860931,"id_destino":53,"id_ciudad_origen":3,"id_ciudad_destino":4,"fe_programacion":"01/04/2025","de_hora_salida":"02:00","de_am_pm":"PM","de_clase_servicio":"SUPER CAMA 32","nu_horas_viaje":21,"no_tipo_asiento_piso1":"SOFA CAMA 160°","no_tipo_asiento_piso2":"SUPER CAMA 180°","fe_salida_planificada":"2025-04-01T14:00:00","fe_llegada_planificada":"2025-04-02T11:00:00","origen":"LIMA (LA VICTORIA)","destino":"MANCORA","dir_origen":"Av. Paseo de la República 809 La Victoria","dir_destino":"Av.Grau S/N, Mz 9 lt4,Barrio Nicaragua,Mancora","tramos":[{"id_programacion_padre":860930,"id_programacion":860930,"fe_programacion":"01/04/2025","de_hora_salida":"02:00","de_am_pm":"PM","nu_horas_viaje":23,"fe_salida_planificada":"2025-04-01T14:00:00","fe_llegada_planificada":"2025-04-02T13:00:00","origen":"LIMA (LA VICTORIA)","destino":"TUMBES","dir_origen":"Av. Paseo de la República 809 La Victoria","dir_destino":" AV. TUMBES 1321 - TUMBES"},{"id_programacion_padre":860930,"id_programacion":860931,"fe_programacion":"01/04/2025","de_hora_salida":"02:00","de_am_pm":"PM","nu_horas_viaje":21,"fe_salida_planificada":"2025-04-01T14:00:00","fe_llegada_planificada":"2025-04-02T11:00:00","origen":"LIMA (LA VICTORIA)","destino":"MANCORA","dir_origen":"Av. Paseo de la República 809 La Victoria","dir_destino":"Av.Grau S/N, Mz 9 lt4,Barrio Nicaragua,Mancora"},{"id_programacion_padre":860930,"id_programacion":860932,"fe_programacion":"01/04/2025","de_hora_salida":"02:00","de_am_pm":"PM","nu_horas_viaje":19,"fe_salida_planificada":"2025-04-01T14:00:00","fe_llegada_planificada":"2025-04-02T09:00:00","origen":"LIMA (LA VICTORIA)","destino":"ORGANOS","dir_origen":"Av. Paseo de la República 809 La Victoria","dir_destino":"AA.HH 16 de febrero Mz A lote 1"},{"id_programacion_padre":860930,"id_programacion":860933,"fe_programacion":"01/04/2025","de_hora_salida":"03:00","de_am_pm":"PM","nu_horas_viaje":22,"fe_salida_planificada":"2025-04-01T15:00:00","fe_llegada_planificada":"2025-04-02T13:00:00","origen":"LIMA (PLAZA NORTE)","destino":"TUMBES","dir_origen":"Av.Gerardo Unger N°6917 stand 106. Terminal Plaza Norte(Puerta Emb. #20)","dir_destino":" AV. TUMBES 1321 - TUMBES"},{"id_programacion_padre":860930,"id_programacion":860934,"fe_programacion":"01/04/2025","de_hora_salida":"03:00","de_am_pm":"PM","nu_horas_viaje":20,"fe_salida_planificada":"2025-04-01T15:00:00","fe_llegada_planificada":"2025-04-02T11:00:00","origen":"LIMA (PLAZA NORTE)","destino":"MANCORA","dir_origen":"Av.Gerardo Unger N°6917 stand 106. Terminal Plaza Norte(Puerta Emb. #20)","dir_destino":"Av.Grau S/N, Mz 9 lt4,Barrio Nicaragua,Mancora"},{"id_programacion_padre":860930,"id_programacion":860935,"fe_programacion":"01/04/2025","de_hora_salida":"03:00","de_am_pm":"PM","nu_horas_viaje":19,"fe_salida_planificada":"2025-04-01T15:00:00","fe_llegada_planificada":"2025-04-02T10:00:00","origen":"LIMA (PLAZA NORTE)","destino":"ORGANOS","dir_origen":"Av.Gerardo Unger N°6917 stand 106. Terminal Plaza Norte(Puerta Emb. #20)","dir_destino":"AA.HH 16 de febrero Mz A lote 1"},{"id_programacion_padre":860930,"id_programacion":870734,"fe_programacion":"01/04/2025","de_hora_salida":"02:00","de_am_pm":"PM","nu_horas_viaje":17,"fe_salida_planificada":"2025-04-01T14:00:00","fe_llegada_planificada":"2025-04-02T07:00:00","origen":"LIMA (LA VICTORIA)","destino":"PIURA","dir_origen":"Av. Paseo de la República 809 La Victoria","dir_destino":"Calle Andres Avelino Caceres MZ. 249 lt.02-03-PIURA"},{"id_programacion_padre":860930,"id_programacion":870735,"fe_programacion":"01/04/2025","de_hora_salida":"03:00","de_am_pm":"PM","nu_horas_viaje":17,"fe_salida_planificada":"2025-04-01T15:00:00","fe_llegada_planificada":"2025-04-02T08:00:00","origen":"LIMA (PLAZA NORTE)","destino":"PIURA","dir_origen":"Av.Gerardo Unger N°6917 stand 106. Terminal Plaza Norte(Puerta Emb. #20)","dir_destino":"Calle Andres Avelino Caceres MZ. 249 lt.02-03-PIURA"}]},{"id_programacion_padre":861029,"id_programacion":861030,"id_destino":53,"id_ciudad_origen":3,"id_ciudad_destino":4,"fe_programacion":"01/04/2025","de_hora_salida":"03:00","de_am_pm":"PM","de_clase_servicio":"MIXTO 38","nu_horas_viaje":21,"no_tipo_asiento_piso1":"SOFA CAMA 160°","no_tipo_asiento_piso2":"SEMI CAMA 140°","fe_salida_planificada":"2025-04-01T15:00:00","fe_llegada_planificada":"2025-04-02T12:00:00","origen":"LIMA (LA VICTORIA)","destino":"MANCORA","dir_origen":"Av. Paseo de la República 809 La Victoria","dir_destino":"Av.Grau S/N, Mz 9 lt4,Barrio Nicaragua,Mancora","tramos":[{"id_programacion_padre":861029,"id_programacion":861029,"fe_programacion":"01/04/2025","de_hora_salida":"03:00","de_am_pm":"PM","nu_horas_viaje":23,"fe_salida_planificada":"2025-04-01T15:00:00","fe_llegada_planificada":"2025-04-02T14:00:00","origen":"LIMA (LA VICTORIA)","destino":"TUMBES","dir_origen":"Av. Paseo de la República 809 La Victoria","dir_destino":" AV. TUMBES 1321 - TUMBES"},{"id_programacion_padre":861029,"id_programacion":861030,"fe_programacion":"01/04/2025","de_hora_salida":"03:00","de_am_pm":"PM","nu_horas_viaje":21,"fe_salida_planificada":"2025-04-01T15:00:00","fe_llegada_planificada":"2025-04-02T12:00:00","origen":"LIMA (LA VICTORIA)","destino":"MANCORA","dir_origen":"Av. Paseo de la República 809 La Victoria","dir_destino":"Av.Grau S/N, Mz 9 lt4,Barrio Nicaragua,Mancora"},{"id_programacion_padre":861029,"id_programacion":861031,"fe_programacion":"01/04/2025","de_hora_salida":"03:00","de_am_pm":"PM","nu_horas_viaje":19,"fe_salida_planificada":"2025-04-01T15:00:00","fe_llegada_planificada":"2025-04-02T10:00:00","origen":"LIMA (LA VICTORIA)","destino":"ORGANOS","dir_origen":"Av. Paseo de la República 809 La Victoria","dir_destino":"AA.HH 16 de febrero Mz A lote 1"},{"id_programacion_padre":861029,"id_programacion":861032,"fe_programacion":"01/04/2025","de_hora_salida":"04:00","de_am_pm":"PM","nu_horas_viaje":22,"fe_salida_planificada":"2025-04-01T16:00:00","fe_llegada_planificada":"2025-04-02T14:00:00","origen":"LIMA (PLAZA NORTE)","destino":"TUMBES","dir_origen":"Av.Gerardo Unger N°6917 stand 106. Terminal Plaza Norte(Puerta Emb. #20)","dir_destino":" AV. TUMBES 1321 - TUMBES"},{"id_programacion_padre":861029,"id_programacion":861033,"fe_programacion":"01/04/2025","de_hora_salida":"04:00","de_am_pm":"PM","nu_horas_viaje":20,"fe_salida_planificada":"2025-04-01T16:00:00","fe_llegada_planificada":"2025-04-02T12:00:00","origen":"LIMA (PLAZA NORTE)","destino":"MANCORA","dir_origen":"Av.Gerardo Unger N°6917 stand 106. Terminal Plaza Norte(Puerta Emb. #20)","dir_destino":"Av.Grau S/N, Mz 9 lt4,Barrio Nicaragua,Mancora"},{"id_programacion_padre":861029,"id_programacion":861034,"fe_programacion":"01/04/2025","de_hora_salida":"04:00","de_am_pm":"PM","nu_horas_viaje":19,"fe_salida_planificada":"2025-04-01T16:00:00","fe_llegada_planificada":"2025-04-02T11:00:00","origen":"LIMA (PLAZA NORTE)","destino":"ORGANOS","dir_origen":"Av.Gerardo Unger N°6917 stand 106. Terminal Plaza Norte(Puerta Emb. #20)","dir_destino":"AA.HH 16 de febrero Mz A lote 1"},{"id_programacion_padre":861029,"id_programacion":861035,"fe_programacion":"01/04/2025","de_hora_salida":"10:50","de_am_pm":"PM","nu_horas_viaje":14,"fe_salida_planificada":"2025-04-01T22:50:00","fe_llegada_planificada":"2025-04-02T12:50:00","origen":"CHIMBOTE","destino":"TUMBES","dir_origen":"Terminal Terrestre El Chimbador","dir_destino":" AV. TUMBES 1321 - TUMBES"},{"id_programacion_padre":861029,"id_programacion":861036,"fe_programacion":"01/04/2025","de_hora_salida":"10:50","de_am_pm":"PM","nu_horas_viaje":12,"fe_salida_planificada":"2025-04-01T22:50:00","fe_llegada_planificada":"2025-04-02T10:50:00","origen":"CHIMBOTE","destino":"MANCORA","dir_origen":"Terminal Terrestre El Chimbador","dir_destino":"Av.Grau S/N, Mz 9 lt4,Barrio Nicaragua,Mancora"},{"id_programacion_padre":861029,"id_programacion":861037,"fe_programacion":"01/04/2025","de_hora_salida":"10:50","de_am_pm":"PM","nu_horas_viaje":12,"fe_salida_planificada":"2025-04-01T22:50:00","fe_llegada_planificada":"2025-04-02T10:50:00","origen":"CHIMBOTE","destino":"ORGANOS","dir_origen":"Terminal Terrestre El Chimbador","dir_destino":"AA.HH 16 de febrero Mz A lote 1"}]},{"id_programacion_padre":860930,"id_programacion":860934,"id_destino":54,"id_ciudad_origen":3,"id_ciudad_destino":4,"fe_programacion":"01/04/2025","de_hora_salida":"03:00","de_am_pm":"PM","de_clase_servicio":"SUPER CAMA 32","nu_horas_viaje":20,"no_tipo_asiento_piso1":"SOFA CAMA 160°","no_tipo_asiento_piso2":"SUPER CAMA 180°","fe_salida_planificada":"2025-04-01T15:00:00","fe_llegada_planificada":"2025-04-02T11:00:00","origen":"LIMA (PLAZA NORTE)","destino":"MANCORA","dir_origen":"Av.Gerardo Unger N°6917 stand 106. Terminal Plaza Norte(Puerta Emb. #20)","dir_destino":"Av.Grau S/N, Mz 9 lt4,Barrio Nicaragua,Mancora","tramos":[{"id_programacion_padre":860930,"id_programacion":860930,"fe_programacion":"01/04/2025","de_hora_salida":"02:00","de_am_pm":"PM","nu_horas_viaje":23,"fe_salida_planificada":"2025-04-01T14:00:00","fe_llegada_planificada":"2025-04-02T13:00:00","origen":"LIMA (LA VICTORIA)","destino":"TUMBES","dir_origen":"Av. Paseo de la República 809 La Victoria","dir_destino":" AV. TUMBES 1321 - TUMBES"},{"id_programacion_padre":860930,"id_programacion":860931,"fe_programacion":"01/04/2025","de_hora_salida":"02:00","de_am_pm":"PM","nu_horas_viaje":21,"fe_salida_planificada":"2025-04-01T14:00:00","fe_llegada_planificada":"2025-04-02T11:00:00","origen":"LIMA (LA VICTORIA)","destino":"MANCORA","dir_origen":"Av. Paseo de la República 809 La Victoria","dir_destino":"Av.Grau S/N, Mz 9 lt4,Barrio Nicaragua,Mancora"},{"id_programacion_padre":860930,"id_programacion":860932,"fe_programacion":"01/04/2025","de_hora_salida":"02:00","de_am_pm":"PM","nu_horas_viaje":19,"fe_salida_planificada":"2025-04-01T14:00:00","fe_llegada_planificada":"2025-04-02T09:00:00","origen":"LIMA (LA VICTORIA)","destino":"ORGANOS","dir_origen":"Av. Paseo de la República 809 La Victoria","dir_destino":"AA.HH 16 de febrero Mz A lote 1"},{"id_programacion_padre":860930,"id_programacion":860933,"fe_programacion":"01/04/2025","de_hora_salida":"03:00","de_am_pm":"PM","nu_horas_viaje":22,"fe_salida_planificada":"2025-04-01T15:00:00","fe_llegada_planificada":"2025-04-02T13:00:00","origen":"LIMA (PLAZA NORTE)","destino":"TUMBES","dir_origen":"Av.Gerardo Unger N°6917 stand 106. Terminal Plaza Norte(Puerta Emb. #20)","dir_destino":" AV. TUMBES 1321 - TUMBES"},{"id_programacion_padre":860930,"id_programacion":860934,"fe_programacion":"01/04/2025","de_hora_salida":"03:00","de_am_pm":"PM","nu_horas_viaje":20,"fe_salida_planificada":"2025-04-01T15:00:00","fe_llegada_planificada":"2025-04-02T11:00:00","origen":"LIMA (PLAZA NORTE)","destino":"MANCORA","dir_origen":"Av.Gerardo Unger N°6917 stand 106. Terminal Plaza Norte(Puerta Emb. #20)","dir_destino":"Av.Grau S/N, Mz 9 lt4,Barrio Nicaragua,Mancora"},{"id_programacion_padre":860930,"id_programacion":860935,"fe_programacion":"01/04/2025","de_hora_salida":"03:00","de_am_pm":"PM","nu_horas_viaje":19,"fe_salida_planificada":"2025-04-01T15:00:00","fe_llegada_planificada":"2025-04-02T10:00:00","origen":"LIMA (PLAZA NORTE)","destino":"ORGANOS","dir_origen":"Av.Gerardo Unger N°6917 stand 106. Terminal Plaza Norte(Puerta Emb. #20)","dir_destino":"AA.HH 16 de febrero Mz A lote 1"},{"id_programacion_padre":860930,"id_programacion":870734,"fe_programacion":"01/04/2025","de_hora_salida":"02:00","de_am_pm":"PM","nu_horas_viaje":17,"fe_salida_planificada":"2025-04-01T14:00:00","fe_llegada_planificada":"2025-04-02T07:00:00","origen":"LIMA (LA VICTORIA)","destino":"PIURA","dir_origen":"Av. Paseo de la República 809 La Victoria","dir_destino":"Calle Andres Avelino Caceres MZ. 249 lt.02-03-PIURA"},{"id_programacion_padre":860930,"id_programacion":870735,"fe_programacion":"01/04/2025","de_hora_salida":"03:00","de_am_pm":"PM","nu_horas_viaje":17,"fe_salida_planificada":"2025-04-01T15:00:00","fe_llegada_planificada":"2025-04-02T08:00:00","origen":"LIMA (PLAZA NORTE)","destino":"PIURA","dir_origen":"Av.Gerardo Unger N°6917 stand 106. Terminal Plaza Norte(Puerta Emb. #20)","dir_destino":"Calle Andres Avelino Caceres MZ. 249 lt.02-03-PIURA"}]},{"id_programacion_padre":861029,"id_programacion":861033,"id_destino":54,"id_ciudad_origen":3,"id_ciudad_destino":4,"fe_programacion":"01/04/2025","de_hora_salida":"04:00","de_am_pm":"PM","de_clase_servicio":"MIXTO 38","nu_horas_viaje":20,"no_tipo_asiento_piso1":"SOFA CAMA 160°","no_tipo_asiento_piso2":"SEMI CAMA 140°","fe_salida_planificada":"2025-04-01T16:00:00","fe_llegada_planificada":"2025-04-02T12:00:00","origen":"LIMA (PLAZA NORTE)","destino":"MANCORA","dir_origen":"Av.Gerardo Unger N°6917 stand 106. Terminal Plaza Norte(Puerta Emb. #20)","dir_destino":"Av.Grau S/N, Mz 9 lt4,Barrio Nicaragua,Mancora","tramos":[{"id_programacion_padre":861029,"id_programacion":861029,"fe_programacion":"01/04/2025","de_hora_salida":"03:00","de_am_pm":"PM","nu_horas_viaje":23,"fe_salida_planificada":"2025-04-01T15:00:00","fe_llegada_planificada":"2025-04-02T14:00:00","origen":"LIMA (LA VICTORIA)","destino":"TUMBES","dir_origen":"Av. Paseo de la República 809 La Victoria","dir_destino":" AV. TUMBES 1321 - TUMBES"},{"id_programacion_padre":861029,"id_programacion":861030,"fe_programacion":"01/04/2025","de_hora_salida":"03:00","de_am_pm":"PM","nu_horas_viaje":21,"fe_salida_planificada":"2025-04-01T15:00:00","fe_llegada_planificada":"2025-04-02T12:00:00","origen":"LIMA (LA VICTORIA)","destino":"MANCORA","dir_origen":"Av. Paseo de la República 809 La Victoria","dir_destino":"Av.Grau S/N, Mz 9 lt4,Barrio Nicaragua,Mancora"},{"id_programacion_padre":861029,"id_programacion":861031,"fe_programacion":"01/04/2025","de_hora_salida":"03:00","de_am_pm":"PM","nu_horas_viaje":19,"fe_salida_planificada":"2025-04-01T15:00:00","fe_llegada_planificada":"2025-04-02T10:00:00","origen":"LIMA (LA VICTORIA)","destino":"ORGANOS","dir_origen":"Av. Paseo de la República 809 La Victoria","dir_destino":"AA.HH 16 de febrero Mz A lote 1"},{"id_programacion_padre":861029,"id_programacion":861032,"fe_programacion":"01/04/2025","de_hora_salida":"04:00","de_am_pm":"PM","nu_horas_viaje":22,"fe_salida_planificada":"2025-04-01T16:00:00","fe_llegada_planificada":"2025-04-02T14:00:00","origen":"LIMA (PLAZA NORTE)","destino":"TUMBES","dir_origen":"Av.Gerardo Unger N°6917 stand 106. Terminal Plaza Norte(Puerta Emb. #20)","dir_destino":" AV. TUMBES 1321 - TUMBES"},{"id_programacion_padre":861029,"id_programacion":861033,"fe_programacion":"01/04/2025","de_hora_salida":"04:00","de_am_pm":"PM","nu_horas_viaje":20,"fe_salida_planificada":"2025-04-01T16:00:00","fe_llegada_planificada":"2025-04-02T12:00:00","origen":"LIMA (PLAZA NORTE)","destino":"MANCORA","dir_origen":"Av.Gerardo Unger N°6917 stand 106. Terminal Plaza Norte(Puerta Emb. #20)","dir_destino":"Av.Grau S/N, Mz 9 lt4,Barrio Nicaragua,Mancora"},{"id_programacion_padre":861029,"id_programacion":861034,"fe_programacion":"01/04/2025","de_hora_salida":"04:00","de_am_pm":"PM","nu_horas_viaje":19,"fe_salida_planificada":"2025-04-01T16:00:00","fe_llegada_planificada":"2025-04-02T11:00:00","origen":"LIMA (PLAZA NORTE)","destino":"ORGANOS","dir_origen":"Av.Gerardo Unger N°6917 stand 106. Terminal Plaza Norte(Puerta Emb. #20)","dir_destino":"AA.HH 16 de febrero Mz A lote 1"},{"id_programacion_padre":861029,"id_programacion":861035,"fe_programacion":"01/04/2025","de_hora_salida":"10:50","de_am_pm":"PM","nu_horas_viaje":14,"fe_salida_planificada":"2025-04-01T22:50:00","fe_llegada_planificada":"2025-04-02T12:50:00","origen":"CHIMBOTE","destino":"TUMBES","dir_origen":"Terminal Terrestre El Chimbador","dir_destino":" AV. TUMBES 1321 - TUMBES"},{"id_programacion_padre":861029,"id_programacion":861036,"fe_programacion":"01/04/2025","de_hora_salida":"10:50","de_am_pm":"PM","nu_horas_viaje":12,"fe_salida_planificada":"2025-04-01T22:50:00","fe_llegada_planificada":"2025-04-02T10:50:00","origen":"CHIMBOTE","destino":"MANCORA","dir_origen":"Terminal Terrestre El Chimbador","dir_destino":"Av.Grau S/N, Mz 9 lt4,Barrio Nicaragua,Mancora"},{"id_programacion_padre":861029,"id_programacion":861037,"fe_programacion":"01/04/2025","de_hora_salida":"10:50","de_am_pm":"PM","nu_horas_viaje":12,"fe_salida_planificada":"2025-04-01T22:50:00","fe_llegada_planificada":"2025-04-02T10:50:00","origen":"CHIMBOTE","destino":"ORGANOS","dir_origen":"Terminal Terrestre El Chimbador","dir_destino":"AA.HH 16 de febrero Mz A lote 1"}]}]} 
2025-10-20 01:54:41.9437 INFO loggerendpoint {"Codigoresultado":0,"Resultado":"OK","Data":[{"id_programacion_padre":860930,"id_programacion":860931,"id_asiento_venta":34252779,"nu_fila":0,"nu_asiento":200,"nu_piso":1,"co_estado_asiento":"LIB","no_tipo_asiento":"SOFA CAMA 160°","nu_columna":0,"id_clase_asiento":"CP2","no_clase_asiento":"Asiento compartido piso 02","va_precio":190.0},{"id_programacion_padre":860930,"id_programacion":860931,"id_asiento_venta":34252780,"nu_fila":0,"nu_asiento":47,"nu_piso":1,"co_estado_asiento":"VEN","no_tipo_asiento":"SOFA CAMA 160°","nu_columna":1,"id_clase_asiento":"IP1","no_clase_asiento":"Asiento individual piso 01","va_precio":170.0},{"id_programacion_padre":860930,"id_programacion":860931,"id_asiento_venta":34252781,"nu_fila":0,"nu_asiento":48,"nu_piso":1,"co_estado_asiento":"VEN","no_tipo_asiento":"SOFA CAMA 160°","nu_columna":2,"id_clase_asiento":"IP1","no_clase_asiento":"Asiento individual piso 01","va_precio":170.0},{"id_programacion_padre":860930,"id_programacion":860931,"id_asiento_venta":34252782,"nu_fila":0,"nu_asiento":51,"nu_piso":1,"co_estado_asiento":"VEN","no_tipo_asiento":"SOFA CAMA 160°","nu_columna":3,"id_clase_asiento":"IP1","no_clase_asiento":"Asiento individual piso 01","va_precio":170.0},{"id_programacion_padre":860930,"id_programacion":860931,"id_asiento_venta":34252783,"nu_fila":0,"nu_asiento":52,"nu_piso":1,"co_estado_asiento":"VEN","no_tipo_asiento":"SOFA CAMA 160°","nu_columna":4,"id_clase_asiento":"IP1","no_clase_asiento":"Asiento individual piso 01","va_precio":170.0},{"id_programacion_padre":860930,"id_programacion":860931,"id_asiento_venta":34252799,"nu_fila":0,"nu_asiento":3,"nu_piso":2,"co_estado_asiento":"VEN","no_tipo_asiento":"SUPER CAMA 180°","nu_columna":0,"id_clase_asiento":"IP2","no_clase_asiento":"Asiento individual piso 02","va_precio":200.0},{"id_programacion_padre":860930,"id_programacion":860931,"id_asiento_venta":34252800,"nu_fila":0,"nu_asiento":200,"nu_piso":2,"co_estado_asiento":"LIB","no_tipo_asiento":"SUPER CAMA 180°","nu_columna":1,"id_clase_asiento":"CP2","no_clase_asiento":"Asiento compartido piso 02","va_precio":190.0},{"id_programacion_padre":860930,"id_programacion":860931,"id_asiento_venta":34252801,"nu_fila":0,"nu_asiento":4,"nu_piso":2,"co_estado_asiento":"VEN","no_tipo_asiento":"SUPER CAMA 180°","nu_columna":2,"id_clase_asiento":"IP2","no_clase_asiento":"Asiento individual piso 02","va_precio":200.0},{"id_programacion_padre":860930,"id_programacion":860931,"id_asiento_venta":34252802,"nu_fila":0,"nu_asiento":7,"nu_piso":2,"co_estado_asiento":"VEN","no_tipo_asiento":"SUPER CAMA 180°","nu_columna":3,"id_clase_asiento":"IP2","no_clase_asiento":"Asiento individual piso 02","va_precio":200.0},{"id_programacion_padre":860930,"id_programacion":860931,"id_asiento_venta":34252803,"nu_fila":0,"nu_asiento":8,"nu_piso":2,"co_estado_asiento":"VEN","no_tipo_asiento":"SUPER CAMA 180°","nu_columna":4,"id_clase_asiento":"IP2","no_clase_asiento":"Asiento individual piso 02","va_precio":200.0},{"id_programacion_padre":860930,"id_programacion":860931,"id_asiento_venta":34252804,"nu_fila":0,"nu_asiento":11,"nu_piso":2,"co_estado_asiento":"VEN","no_tipo_asiento":"SUPER CAMA 180°","nu_columna":5,"id_clase_asiento":"IP2","no_clase_asiento":"Asiento individual piso 02","va_precio":200.0},{"id_programacion_padre":860930,"id_programacion":860931,"id_asiento_venta":34252805,"nu_fila":0,"nu_asiento":12,"nu_piso":2,"co_estado_asiento":"VEN","no_tipo_asiento":"SUPER CAMA 180°","nu_columna":6,"id_clase_asiento":"IP2","no_clase_asiento":"Asiento individual piso 02","va_precio":200.0},{"id_programacion_padre":860930,"id_programacion":860931,"id_asiento_venta":34252784,"nu_fila":1,"nu_asiento":0,"nu_piso":1,"co_estado_asiento":"LIB","no_tipo_asiento":"SOFA CAMA 160°","nu_columna":0,"id_clase_asiento":"CP2","no_clase_asiento":"Asiento compartido piso 02","va_precio":190.0},{"id_programacion_padre":860930,"id_programacion":860931,"id_asiento_venta":34252785,"nu_fila":1,"nu_asiento":300,"nu_piso":1,"co_estado_asiento":"LIB","no_tipo_asiento":"SOFA CAMA 160°","nu_columna":1,"id_clase_asiento":"CP2","no_clase_asiento":"Asiento compartido piso 02","va_precio":190.0},{"id_programacion_padre":860930,"id_programacion":860931,"id_asiento_venta":34252786,"nu_fila":1,"nu_asiento":0,"nu_piso":1,"co_estado_asiento":"LIB","no_tipo_asiento":"SOFA CAMA 160°","nu_columna":2,"id_clase_asiento":"CP2","no_clase_asiento":"Asiento compartido piso 02","va_precio":190.0},{"id_programacion_padre":860930,"id_programacion":860931,"id_asiento_venta":34252787,"nu_fila":1,"nu_asiento":0,"nu_piso":1,"co_estado_asiento":"LIB","no_tipo_asiento":"SOFA CAMA 160°","nu_columna":3,"id_clase_asiento":"CP2","no_clase_asiento":"Asiento compartido piso 02","va_precio":190.0},{"id_programacion_padre":860930,"id_programacion":860931,"id_asiento_venta":34252788,"nu_fila":1,"nu_asiento":0,"nu_piso":1,"co_estado_asiento":"LIB","no_tipo_asiento":"SOFA CAMA 160°","nu_columna":4,"id_clase_asiento":"CP2","no_clase_asiento":"Asiento compartido piso 02","va_precio":190.0},{"id_programacion_padre":860930,"id_programacion":860931,"id_asiento_venta":34252806,"nu_fila":1,"nu_asiento":300,"nu_piso":2,"co_estado_asiento":"LIB","no_tipo_asiento":"SUPER CAMA 180°","nu_columna":0,"id_clase_asiento":"CP2","no_clase_asiento":"Asiento compartido piso 02","va_precio":190.0},{"id_programacion_padre":860930,"id_programacion":860931,"id_asiento_venta":34252807,"nu_fila":1,"nu_asiento":0,"nu_piso":2,"co_estado_asiento":"LIB","no_tipo_asiento":"SUPER CAMA 180°","nu_columna":1,"id_clase_asiento":"CP2","no_clase_asiento":"Asiento compartido piso 02","va_precio":190.0},{"id_programacion_padre":860930,"id_programacion":860931,"id_asiento_venta":34252808,"nu_fila":1,"nu_asiento":300,"nu_piso":2,"co_estado_asiento":"LIB","no_tipo_asiento":"SUPER CAMA 180°","nu_columna":2,"id_clase_asiento":"CP2","no_clase_asiento":"Asiento compartido piso 02","va_precio":190.0},{"id_programacion_padre":860930,"id_programacion":860931,"id_asiento_venta":34252809,"nu_fila":1,"nu_asiento":0,"nu_piso":2,"co_estado_asiento":"LIB","no_tipo_asiento":"SUPER CAMA 180°","nu_columna":3,"id_clase_asiento":"CP2","no_clase_asiento":"Asiento compartido piso 02","va_precio":190.0},{"id_programacion_padre":860930,"id_programacion":860931,"id_asiento_venta":34252810,"nu_fila":1,"nu_asiento":300,"nu_piso":2,"co_estado_asiento":"LIB","no_tipo_asiento":"SUPER CAMA 180°","nu_columna":4,"id_clase_asiento":"CP2","no_clase_asiento":"Asiento compartido piso 02","va_precio":190.0},{"id_programacion_padre":860930,"id_programacion":860931,"id_asiento_venta":34252811,"nu_fila":1,"nu_asiento":0,"nu_piso":2,"co_estado_asiento":"LIB","no_tipo_asiento":"SUPER CAMA 180°","nu_columna":5,"id_clase_asiento":"CP2","no_clase_asiento":"Asiento compartido piso 02","va_precio":190.0},{"id_programacion_padre":860930,"id_programacion":860931,"id_asiento_venta":34252812,"nu_fila":1,"nu_asiento":0,"nu_piso":2,"co_estado_asiento":"LIB","no_tipo_asiento":"SUPER CAMA 180°","nu_columna":6,"id_clase_asiento":"CP2","no_clase_asiento":"Asiento compartido piso 02","va_precio":190.0},{"id_programacion_padre":860930,"id_programacion":860931,"id_asiento_venta":34252789,"nu_fila":2,"nu_asiento":500,"nu_piso":1,"co_estado_asiento":"LIB","no_tipo_asiento":"SOFA CAMA 160°","nu_columna":0,"id_clase_asiento":"CP2","no_clase_asiento":"Asiento compartido piso 02","va_precio":190.0},{"id_programacion_padre":860930,"id_programacion":860931,"id_asiento_venta":34252790,"nu_fila":2,"nu_asiento":46,"nu_piso":1,"co_estado_asiento":"VEN","no_tipo_asiento":"SOFA CAMA 160°","nu_columna":1,"id_clase_asiento":"CP1","no_clase_asiento":"Asiento compartido piso 01","va_precio":160.0},{"id_programacion_padre":860930,"id_programacion":860931,"id_asiento_venta":34252791,"nu_fila":2,"nu_asiento":50,"nu_piso":1,"co_estado_asiento":"VEN","no_tipo_asiento":"SOFA CAMA 160°","nu_columna":2,"id_clase_asiento":"CP1","no_clase_asiento":"Asiento compartido piso 01","va_precio":160.0},{"id_programacion_padre":860930,"id_programacion":860931,"id_asiento_venta":34252792,"nu_fila":2,"nu_asiento":54,"nu_piso":1,"co_estado_asiento":"VEN","no_tipo_asiento":"SOFA CAMA 160°","nu_columna":3,"id_clase_asiento":"CP1","no_clase_asiento":"Asiento compartido piso 01","va_precio":160.0},{"id_programacion_padre":860930,"id_programacion":860931,"id_asiento_venta":34252793,"nu_fila":2,"nu_asiento":56,"nu_piso":1,"co_estado_asiento":"VEN","no_tipo_asiento":"SOFA CAMA 160°","nu_columna":4,"id_clase_asiento":"CP1","no_clase_asiento":"Asiento compartido piso 01","va_precio":160.0},{"id_programacion_padre":860930,"id_programacion":860931,"id_asiento_venta":34252813,"nu_fila":2,"nu_asiento":2,"nu_piso":2,"co_estado_asiento":"VEN","no_tipo_asiento":"SUPER CAMA 180°","nu_columna":0,"id_clase_asiento":"CP2","no_clase_asiento":"Asiento compartido piso 02","va_precio":190.0},{"id_programacion_padre":860930,"id_programacion":860931,"id_asiento_venta":34252814,"nu_fila":2,"nu_asiento":6,"nu_piso":2,"co_estado_asiento":"VEN","no_tipo_asiento":"SUPER CAMA 180°","nu_columna":1,"id_clase_asiento":"CP2","no_clase_asiento":"Asiento compartido piso 02","va_precio":190.0},{"id_programacion_padre":860930,"id_programacion":860931,"id_asiento_venta":34252815,"nu_fila":2,"nu_asiento":10,"nu_piso":2,"co_estado_asiento":"LIB","no_tipo_asiento":"SUPER CAMA 180°","nu_columna":2,"id_clase_asiento":"CP2","no_clase_asiento":"Asiento compartido piso 02","va_precio":190.0},{"id_programacion_padre":860930,"id_programacion":860931,"id_asiento_venta":34252816,"nu_fila":2,"nu_asiento":14,"nu_piso":2,"co_estado_asiento":"LIB","no_tipo_asiento":"SUPER CAMA 180°","nu_columna":3,"id_clase_asiento":"CP2","no_clase_asiento":"Asiento compartido piso 02","va_precio":190.0},{"id_programacion_padre":860930,"id_programacion":860931,"id_asiento_venta":34252817,"nu_fila":2,"nu_asiento":18,"nu_piso":2,"co_estado_asiento":"LIB","no_tipo_asiento":"SUPER CAMA 180°","nu_columna":4,"id_clase_asiento":"CP2","no_clase_asiento":"Asiento compartido piso 02","va_precio":190.0},{"id_programacion_padre":860930,"id_programacion":860931,"id_asiento_venta":34252818,"nu_fila":2,"nu_asiento":22,"nu_piso":2,"co_estado_asiento":"LIB","no_tipo_asiento":"SUPER CAMA 180°","nu_columna":5,"id_clase_asiento":"CP2","no_clase_asiento":"Asiento compartido piso 02","va_precio":190.0},{"id_programacion_padre":860930,"id_programacion":860931,"id_asiento_venta":34252819,"nu_fila":2,"nu_asiento":26,"nu_piso":2,"co_estado_asiento":"LIB","no_tipo_asiento":"SUPER CAMA 180°","nu_columna":6,"id_clase_asiento":"CP2","no_clase_asiento":"Asiento compartido piso 02","va_precio":190.0},{"id_programacion_padre":860930,"id_programacion":860931,"id_asiento_venta":34252794,"nu_fila":3,"nu_asiento":0,"nu_piso":1,"co_estado_asiento":"LIB","no_tipo_asiento":"SOFA CAMA 160°","nu_columna":0,"id_clase_asiento":"CP2","no_clase_asiento":"Asiento compartido piso 02","va_precio":190.0},{"id_programacion_padre":860930,"id_programacion":860931,"id_asiento_venta":34252795,"nu_fila":3,"nu_asiento":45,"nu_piso":1,"co_estado_asiento":"VEN","no_tipo_asiento":"SOFA CAMA 160°","nu_columna":1,"id_clase_asiento":"CP1","no_clase_asiento":"Asiento compartido piso 01","va_precio":160.0},{"id_programacion_padre":860930,"id_programacion":860931,"id_asiento_venta":34252796,"nu_fila":3,"nu_asiento":49,"nu_piso":1,"co_estado_asiento":"VEN","no_tipo_asiento":"SOFA CAMA 160°","nu_columna":2,"id_clase_asiento":"CP1","no_clase_asiento":"Asiento compartido piso 01","va_precio":160.0},{"id_programacion_padre":860930,"id_programacion":860931,"id_asiento_venta":34252797,"nu_fila":3,"nu_asiento":53,"nu_piso":1,"co_estado_asiento":"VEN","no_tipo_asiento":"SOFA CAMA 160°","nu_columna":3,"id_clase_asiento":"CP1","no_clase_asiento":"Asiento compartido piso 01","va_precio":160.0},{"id_programacion_padre":860930,"id_programacion":860931,"id_asiento_venta":34252798,"nu_fila":3,"nu_asiento":55,"nu_piso":1,"co_estado_asiento":"LIB","no_tipo_asiento":"SOFA CAMA 160°","nu_columna":4,"id_clase_asiento":"CP1","no_clase_asiento":"Asiento compartido piso 01","va_precio":160.0},{"id_programacion_padre":860930,"id_programacion":860931,"id_asiento_venta":34252820,"nu_fila":3,"nu_asiento":1,"nu_piso":2,"co_estado_asiento":"VEN","no_tipo_asiento":"SUPER CAMA 180°","nu_columna":0,"id_clase_asiento":"CP2","no_clase_asiento":"Asiento compartido piso 02","va_precio":190.0},{"id_programacion_padre":860930,"id_programacion":860931,"id_asiento_venta":34252821,"nu_fila":3,"nu_asiento":5,"nu_piso":2,"co_estado_asiento":"VEN","no_tipo_asiento":"SUPER CAMA 180°","nu_columna":1,"id_clase_asiento":"CP2","no_clase_asiento":"Asiento compartido piso 02","va_precio":190.0},{"id_programacion_padre":860930,"id_programacion":860931,"id_asiento_venta":34252822,"nu_fila":3,"nu_asiento":9,"nu_piso":2,"co_estado_asiento":"LIB","no_tipo_asiento":"SUPER CAMA 180°","nu_columna":2,"id_clase_asiento":"CP2","no_clase_asiento":"Asiento compartido piso 02","va_precio":190.0},{"id_programacion_padre":860930,"id_programacion":860931,"id_asiento_venta":34252823,"nu_fila":3,"nu_asiento":13,"nu_piso":2,"co_estado_asiento":"VEN","no_tipo_asiento":"SUPER CAMA 180°","nu_columna":3,"id_clase_asiento":"CP2","no_clase_asiento":"Asiento compartido piso 02","va_precio":190.0},{"id_programacion_padre":860930,"id_programacion":860931,"id_asiento_venta":34252824,"nu_fila":3,"nu_asiento":17,"nu_piso":2,"co_estado_asiento":"LIB","no_tipo_asiento":"SUPER CAMA 180°","nu_columna":4,"id_clase_asiento":"CP2","no_clase_asiento":"Asiento compartido piso 02","va_precio":190.0},{"id_programacion_padre":860930,"id_programacion":860931,"id_asiento_venta":34252825,"nu_fila":3,"nu_asiento":21,"nu_piso":2,"co_estado_asiento":"LIB","no_tipo_asiento":"SUPER CAMA 180°","nu_columna":5,"id_clase_asiento":"CP2","no_clase_asiento":"Asiento compartido piso 02","va_precio":190.0},{"id_programacion_padre":860930,"id_programacion":860931,"id_asiento_venta":34252826,"nu_fila":3,"nu_asiento":25,"nu_piso":2,"co_estado_asiento":"LIB","no_tipo_asiento":"SUPER CAMA 180°","nu_columna":6,"id_clase_asiento":"CP2","no_clase_asiento":"Asiento compartido piso 02","va_precio":190.0}]} 
2025-10-20 02:02:49.5625 INFO loggerendpoint RequestUri: http://localhost:64584/api/v1/reservar-asiento JsonEntrada: {
    "id_programacion_padre":860930,
    "id_asiento_venta":34252816,
    "nu_asiento":14
}
 
2025-10-20 02:02:49.5749 INFO loggerendpoint {
    "id_programacion_padre":860930,
    "id_asiento_venta":34252816,
    "nu_asiento":14
}
 
2025-10-20 02:02:50.0033 INFO loggerendpoint {"Codigoresultado":0,"Resultado":"Asiento Bloqueado correctamente","Data":{"CodRespuesta":0,"Mensaje":"Asiento Bloqueado correctamente"}} 
2025-10-20 02:03:20.8484 INFO loggerendpoint RequestUri: http://localhost:64584/api/v1/confirmar-venta JsonEntrada: {
    "id_punto_venta":1,
    "id_punto_venta_registro":1,
    "nu_boleto_venta":1,
    "va_monto_total":130,
    "nu_operacion":"testkp001",
    "co_tipo_tarjeta":"VIS",
    "id_programacion_ida":860931,
    "id_programacion_retorno":null,
    "nu_pedido_safety":"KPOO1",
    "nu_referencia_safety":"KP001",
    "id_pagador":null,
    "id_destino":53,
    "id_ciudad_origen":3,
    "id_ciudad_destino":4,
    "nu_ruc":"14318831002",
    "no_razon_social":"ESYSTEM LIMITADA",
    "de_direccion":"DIRECCION AV 1",
    "id_usuario":2841,
    "id_tipo_documento": 1,
    "nu_documento":"14318831005",
    "am_pasajero":"CANALES",
    "ap_pasajero":"GARRIDO",
    "no_pasajero":"ANTONIO"

}
 
2025-10-20 02:03:20.8484 INFO loggerendpoint {
    "id_punto_venta":1,
    "id_punto_venta_registro":1,
    "nu_boleto_venta":1,
    "va_monto_total":130,
    "nu_operacion":"testkp001",
    "co_tipo_tarjeta":"VIS",
    "id_programacion_ida":860931,
    "id_programacion_retorno":null,
    "nu_pedido_safety":"KPOO1",
    "nu_referencia_safety":"KP001",
    "id_pagador":null,
    "id_destino":53,
    "id_ciudad_origen":3,
    "id_ciudad_destino":4,
    "nu_ruc":"14318831002",
    "no_razon_social":"ESYSTEM LIMITADA",
    "de_direccion":"DIRECCION AV 1",
    "id_usuario":2841,
    "id_tipo_documento": 1,
    "nu_documento":"14318831005",
    "am_pasajero":"CANALES",
    "ap_pasajero":"GARRIDO",
    "no_pasajero":"ANTONIO"

}
 
2025-10-20 02:03:20.9495 INFO loggerendpoint {"Codigoresultado":0,"Resultado":"Venta Registrada correctamente","Data":{"id_cabecera_venta":7722503,"id_venta":8263563,"id_pedido":3480407,"id_persona_remitente":32555229,"CodRespuesta":0,"Mensaje":"Venta Registrada correctamente"}} 
2025-10-20 02:04:18.7504 INFO loggerendpoint RequestUri: http://localhost:64584/api/v1/generar-boleto JsonEntrada: {
    "id_venta":8263563,
    "id_asiento_venta":34252816,
    "va_venta":130.000,
    "co_tipo_tarjeta":"VIS",
    "am_pasajero":"GARRIDO",
    "ap_pasajero":"CANALES",
    "no_pasajero":"ELIECER ANTONIO",
    "nu_documento":"14318831005",
    "id_pasajero":null,
    "id_destino":53,
    "id_ciudad_origen":3,
    "id_ciudad_destino":4,
    "id_usuario":2841,
    "de_total_letras":"TREINTA Y CINCO 00/100 SOLES.",
    "no_oficina_venta":"ONLINE",
    "nu_asiento":14,
    "nu_ip_venta":"",
    "id_programacion":860931,
    "nu_ruc":"14318831002",
    "no_razon_social":"ESYSTEM LIMITADA",
    "de_direccion":"DIRECCION AV 1",
    "id_tipo_documento": 1,
    "id_persona_remitente":32555229
}
 
2025-10-20 02:04:18.7509 INFO loggerendpoint {
    "id_venta":8263563,
    "id_asiento_venta":34252816,
    "va_venta":130.000,
    "co_tipo_tarjeta":"VIS",
    "am_pasajero":"GARRIDO",
    "ap_pasajero":"CANALES",
    "no_pasajero":"ELIECER ANTONIO",
    "nu_documento":"14318831005",
    "id_pasajero":null,
    "id_destino":53,
    "id_ciudad_origen":3,
    "id_ciudad_destino":4,
    "id_usuario":2841,
    "de_total_letras":"TREINTA Y CINCO 00/100 SOLES.",
    "no_oficina_venta":"ONLINE",
    "nu_asiento":14,
    "nu_ip_venta":"",
    "id_programacion":860931,
    "nu_ruc":"14318831002",
    "no_razon_social":"ESYSTEM LIMITADA",
    "de_direccion":"DIRECCION AV 1",
    "id_tipo_documento": 1,
    "id_persona_remitente":32555229
}
 
2025-10-20 02:04:18.9794 INFO loggerendpoint {"Codigoresultado":0,"Resultado":"Boleto Registrado correctamente","Data":{"id_comprobante_pago":11265877,"id_detalle":11250346,"id_boleto":10368673,"CodRespuesta":0,"Mensaje":"Boleto Registrado correctamente"}} 
2025-10-20 02:05:10.1904 INFO loggerendpoint RequestUri: http://localhost:64584/api/v1/tracking JsonEntrada: {
    "id_asiento_venta":34252816,
    "nu_asiento":14,
    "id_usuario":2841,
    "id_boleto":10368673,
    "va_venta":130.000,
    "numero_operacion":"100130103",
    "am_pasajero":"CANALES",
    "ap_pasajero":"GARRIDO",
    "no_pasajero":"ELIECER ANTONIO",
    "id_destino":7,
    "id_ciudad_origen":3,
    "id_ciudad_destino":4,
    "id_programacion":860931
}
 
2025-10-20 02:05:10.1904 INFO loggerendpoint {
    "id_asiento_venta":34252816,
    "nu_asiento":14,
    "id_usuario":2841,
    "id_boleto":10368673,
    "va_venta":130.000,
    "numero_operacion":"100130103",
    "am_pasajero":"CANALES",
    "ap_pasajero":"GARRIDO",
    "no_pasajero":"ELIECER ANTONIO",
    "id_destino":7,
    "id_ciudad_origen":3,
    "id_ciudad_destino":4,
    "id_programacion":860931
}
 
2025-10-20 02:05:10.3415 INFO loggerendpoint {"Codigoresultado":0,"Resultado":"Tracking Registrada correctamente","Data":{"id_log_auditoria":15260717,"id_tracking_boleto":23118461,"id_tracking_asiento":53596517,"CodRespuesta":0,"Mensaje":"Tracking Registrada correctamente"}} 
