2025-10-03 04:25:26.8471 ERROR loggerendpoint {"Codigoresultado":-1,"Resultado":"ERR","Data":"\"Error de inicio de sesión del usuario 'kupos'.\""} 
2025-10-03 04:25:57.0357 ERROR loggerendpoint {"Codigoresultado":-1,"Resultado":"ERR","Data":"\"Error de inicio de sesión del usuario 'kupos'.\""} 
2025-10-03 04:27:09.9233 INFO loggerendpoint {"Codigoresultado":0,"Resultado":"OK","Data":[{"Id":"1","Nombre":"CHICLAYO"},{"Id":"2","Nombre":"CHIMBOTE"},{"Id":"3","Nombre":"LIMA"},{"Id":"4","Nombre":"MANCORA"},{"Id":"5","Nombre":"PAITA"},{"Id":"6","Nombre":"PIURA"},{"Id":"7","Nombre":"SULLANA"},{"Id":"8","Nombre":"TALARA"},{"Id":"9","Nombre":"TRUJILLO"},{"Id":"10","Nombre":"TUMBES"},{"Id":"11","Nombre":"ORGANOS"}]} 
2025-10-03 04:27:17.1642 INFO loggerendpoint {"Codigoresultado":0,"Resultado":"OK","Data":[{"id_programacion_padre":900283,"id_programacion":900283,"id_destino":7,"id_ciudad_origen":3,"id_ciudad_destino":1,"fe_programacion":"17/09/2025","de_hora_salida":"07:00","de_am_pm":"PM","de_clase_servicio":"MIXTO 56","nu_horas_viaje":14,"no_tipo_asiento_piso1":"SOFA CAMA 160°","no_tipo_asiento_piso2":"SEMI CAMA 140°","fe_salida_planificada":"2025-09-17T19:00:00","fe_llegada_planificada":"2025-09-18T09:00:00","origen":"LIMA (LA VICTORIA)","destino":"CHICLAYO","dir_origen":"Av. Paseo de la República 809 La Victoria","dir_destino":"Av. Fco. Bolognesi 155","tramos":[{"id_programacion_padre":900283,"id_programacion":900283,"fe_programacion":"17/09/2025","de_hora_salida":"07:00","de_am_pm":"PM","nu_horas_viaje":14,"fe_salida_planificada":"2025-09-17T19:00:00","fe_llegada_planificada":"2025-09-18T09:00:00","origen":"LIMA (LA VICTORIA)","destino":"CHICLAYO","dir_origen":"Av. Paseo de la República 809 La Victoria","dir_destino":"Av. Fco. Bolognesi 155"},{"id_programacion_padre":900283,"id_programacion":900284,"fe_programacion":"17/09/2025","de_hora_salida":"07:45","de_am_pm":"PM","nu_horas_viaje":13,"fe_salida_planificada":"2025-09-17T19:45:00","fe_llegada_planificada":"2025-09-18T08:45:00","origen":"LIMA (PLAZA NORTE)","destino":"CHICLAYO","dir_origen":"Av.Gerardo Unger N°6917 stand 106. Terminal Plaza Norte(Puerta Emb. #20)","dir_destino":"Av. Fco. Bolognesi 155"}]},{"id_programacion_padre":900220,"id_programacion":900220,"id_destino":7,"id_ciudad_origen":3,"id_ciudad_destino":1,"fe_programacion":"17/09/2025","de_hora_salida":"07:30","de_am_pm":"PM","de_clase_servicio":"SUPER CAMA 32","nu_horas_viaje":14,"no_tipo_asiento_piso1":"SOFA CAMA 160°","no_tipo_asiento_piso2":"SUPER CAMA 180°","fe_salida_planificada":"2025-09-17T19:30:00","fe_llegada_planificada":"2025-09-18T09:30:00","origen":"LIMA (LA VICTORIA)","destino":"CHICLAYO","dir_origen":"Av. Paseo de la República 809 La Victoria","dir_destino":"Av. Fco. Bolognesi 155","tramos":[{"id_programacion_padre":900220,"id_programacion":900220,"fe_programacion":"17/09/2025","de_hora_salida":"07:30","de_am_pm":"PM","nu_horas_viaje":14,"fe_salida_planificada":"2025-09-17T19:30:00","fe_llegada_planificada":"2025-09-18T09:30:00","origen":"LIMA (LA VICTORIA)","destino":"CHICLAYO","dir_origen":"Av. Paseo de la República 809 La Victoria","dir_destino":"Av. Fco. Bolognesi 155"},{"id_programacion_padre":900220,"id_programacion":900221,"fe_programacion":"17/09/2025","de_hora_salida":"08:15","de_am_pm":"PM","nu_horas_viaje":13,"fe_salida_planificada":"2025-09-17T20:15:00","fe_llegada_planificada":"2025-09-18T09:15:00","origen":"LIMA (PLAZA NORTE)","destino":"CHICLAYO","dir_origen":"Av.Gerardo Unger N°6917 stand 106. Terminal Plaza Norte(Puerta Emb. #20)","dir_destino":"Av. Fco. Bolognesi 155"}]},{"id_programacion_padre":900561,"id_programacion":900561,"id_destino":7,"id_ciudad_origen":3,"id_ciudad_destino":1,"fe_programacion":"17/09/2025","de_hora_salida":"07:45","de_am_pm":"PM","de_clase_servicio":"SUPER CAMA 32","nu_horas_viaje":14,"no_tipo_asiento_piso1":"SOFA CAMA 160°","no_tipo_asiento_piso2":"SUPER CAMA 180°","fe_salida_planificada":"2025-09-17T19:45:00","fe_llegada_planificada":"2025-09-18T09:45:00","origen":"LIMA (LA VICTORIA)","destino":"CHICLAYO","dir_origen":"Av. Paseo de la República 809 La Victoria","dir_destino":"Av. Fco. Bolognesi 155","tramos":[{"id_programacion_padre":900561,"id_programacion":900561,"fe_programacion":"17/09/2025","de_hora_salida":"07:45","de_am_pm":"PM","nu_horas_viaje":14,"fe_salida_planificada":"2025-09-17T19:45:00","fe_llegada_planificada":"2025-09-18T09:45:00","origen":"LIMA (LA VICTORIA)","destino":"CHICLAYO","dir_origen":"Av. Paseo de la República 809 La Victoria","dir_destino":"Av. Fco. Bolognesi 155"}]},{"id_programacion_padre":900283,"id_programacion":900284,"id_destino":18,"id_ciudad_origen":3,"id_ciudad_destino":1,"fe_programacion":"17/09/2025","de_hora_salida":"07:45","de_am_pm":"PM","de_clase_servicio":"MIXTO 56","nu_horas_viaje":13,"no_tipo_asiento_piso1":"SOFA CAMA 160°","no_tipo_asiento_piso2":"SEMI CAMA 140°","fe_salida_planificada":"2025-09-17T19:45:00","fe_llegada_planificada":"2025-09-18T08:45:00","origen":"LIMA (PLAZA NORTE)","destino":"CHICLAYO","dir_origen":"Av.Gerardo Unger N°6917 stand 106. Terminal Plaza Norte(Puerta Emb. #20)","dir_destino":"Av. Fco. Bolognesi 155","tramos":[{"id_programacion_padre":900283,"id_programacion":900283,"fe_programacion":"17/09/2025","de_hora_salida":"07:00","de_am_pm":"PM","nu_horas_viaje":14,"fe_salida_planificada":"2025-09-17T19:00:00","fe_llegada_planificada":"2025-09-18T09:00:00","origen":"LIMA (LA VICTORIA)","destino":"CHICLAYO","dir_origen":"Av. Paseo de la República 809 La Victoria","dir_destino":"Av. Fco. Bolognesi 155"},{"id_programacion_padre":900283,"id_programacion":900284,"fe_programacion":"17/09/2025","de_hora_salida":"07:45","de_am_pm":"PM","nu_horas_viaje":13,"fe_salida_planificada":"2025-09-17T19:45:00","fe_llegada_planificada":"2025-09-18T08:45:00","origen":"LIMA (PLAZA NORTE)","destino":"CHICLAYO","dir_origen":"Av.Gerardo Unger N°6917 stand 106. Terminal Plaza Norte(Puerta Emb. #20)","dir_destino":"Av. Fco. Bolognesi 155"}]},{"id_programacion_padre":900220,"id_programacion":900221,"id_destino":18,"id_ciudad_origen":3,"id_ciudad_destino":1,"fe_programacion":"17/09/2025","de_hora_salida":"08:15","de_am_pm":"PM","de_clase_servicio":"SUPER CAMA 32","nu_horas_viaje":13,"no_tipo_asiento_piso1":"SOFA CAMA 160°","no_tipo_asiento_piso2":"SUPER CAMA 180°","fe_salida_planificada":"2025-09-17T20:15:00","fe_llegada_planificada":"2025-09-18T09:15:00","origen":"LIMA (PLAZA NORTE)","destino":"CHICLAYO","dir_origen":"Av.Gerardo Unger N°6917 stand 106. Terminal Plaza Norte(Puerta Emb. #20)","dir_destino":"Av. Fco. Bolognesi 155","tramos":[{"id_programacion_padre":900220,"id_programacion":900220,"fe_programacion":"17/09/2025","de_hora_salida":"07:30","de_am_pm":"PM","nu_horas_viaje":14,"fe_salida_planificada":"2025-09-17T19:30:00","fe_llegada_planificada":"2025-09-18T09:30:00","origen":"LIMA (LA VICTORIA)","destino":"CHICLAYO","dir_origen":"Av. Paseo de la República 809 La Victoria","dir_destino":"Av. Fco. Bolognesi 155"},{"id_programacion_padre":900220,"id_programacion":900221,"fe_programacion":"17/09/2025","de_hora_salida":"08:15","de_am_pm":"PM","nu_horas_viaje":13,"fe_salida_planificada":"2025-09-17T20:15:00","fe_llegada_planificada":"2025-09-18T09:15:00","origen":"LIMA (PLAZA NORTE)","destino":"CHICLAYO","dir_origen":"Av.Gerardo Unger N°6917 stand 106. Terminal Plaza Norte(Puerta Emb. #20)","dir_destino":"Av. Fco. Bolognesi 155"}]}]} 
2025-10-03 04:28:27.7927 INFO loggerendpoint {"Codigoresultado":0,"Resultado":"OK","Data":[{"id_programacion_padre":900283,"id_programacion":900283,"id_asiento_venta":35467531,"nu_fila":0,"nu_asiento":200,"nu_piso":1,"co_estado_asiento":"LIB","no_tipo_asiento":"SOFA CAMA 160°","nu_columna":0,"id_clase_asiento":"CP2","no_clase_asiento":"Asiento compartido piso 02","va_precio":85.0},{"id_programacion_padre":900283,"id_programacion":900283,"id_asiento_venta":35467532,"nu_fila":0,"nu_asiento":47,"nu_piso":1,"co_estado_asiento":"VEN","no_tipo_asiento":"SOFA CAMA 160°","nu_columna":1,"id_clase_asiento":"IP1","no_clase_asiento":"Asiento individual piso 01","va_precio":130.0},{"id_programacion_padre":900283,"id_programacion":900283,"id_asiento_venta":35467533,"nu_fila":0,"nu_asiento":48,"nu_piso":1,"co_estado_asiento":"VEN","no_tipo_asiento":"SOFA CAMA 160°","nu_columna":2,"id_clase_asiento":"IP1","no_clase_asiento":"Asiento individual piso 01","va_precio":130.0},{"id_programacion_padre":900283,"id_programacion":900283,"id_asiento_venta":35467534,"nu_fila":0,"nu_asiento":51,"nu_piso":1,"co_estado_asiento":"LIB","no_tipo_asiento":"SOFA CAMA 160°","nu_columna":3,"id_clase_asiento":"IP1","no_clase_asiento":"Asiento individual piso 01","va_precio":130.0},{"id_programacion_padre":900283,"id_programacion":900283,"id_asiento_venta":35467535,"nu_fila":0,"nu_asiento":52,"nu_piso":1,"co_estado_asiento":"LIB","no_tipo_asiento":"SOFA CAMA 160°","nu_columna":4,"id_clase_asiento":"IP1","no_clase_asiento":"Asiento individual piso 01","va_precio":130.0},{"id_programacion_padre":900283,"id_programacion":900283,"id_asiento_venta":35467551,"nu_fila":0,"nu_asiento":4,"nu_piso":2,"co_estado_asiento":"LIB","no_tipo_asiento":"SEMI CAMA 140°","nu_columna":0,"id_clase_asiento":"CP2","no_clase_asiento":"Asiento compartido piso 02","va_precio":85.0},{"id_programacion_padre":900283,"id_programacion":900283,"id_asiento_venta":35467552,"nu_fila":0,"nu_asiento":0,"nu_piso":2,"co_estado_asiento":"LIB","no_tipo_asiento":"SEMI CAMA 140°","nu_columna":1,"id_clase_asiento":"CP2","no_clase_asiento":"Asiento compartido piso 02","va_precio":85.0},{"id_programacion_padre":900283,"id_programacion":900283,"id_asiento_venta":35467553,"nu_fila":0,"nu_asiento":0,"nu_piso":2,"co_estado_asiento":"LIB","no_tipo_asiento":"SEMI CAMA 140°","nu_columna":2,"id_clase_asiento":"CP2","no_clase_asiento":"Asiento compartido piso 02","va_precio":85.0},{"id_programacion_padre":900283,"id_programacion":900283,"id_asiento_venta":35467554,"nu_fila":0,"nu_asiento":8,"nu_piso":2,"co_estado_asiento":"LIB","no_tipo_asiento":"SEMI CAMA 140°","nu_columna":3,"id_clase_asiento":"CP2","no_clase_asiento":"Asiento compartido piso 02","va_precio":85.0},{"id_programacion_padre":900283,"id_programacion":900283,"id_asiento_venta":35467555,"nu_fila":0,"nu_asiento":12,"nu_piso":2,"co_estado_asiento":"LIB","no_tipo_asiento":"SEMI CAMA 140°","nu_columna":4,"id_clase_asiento":"CP2","no_clase_asiento":"Asiento compartido piso 02","va_precio":85.0},{"id_programacion_padre":900283,"id_programacion":900283,"id_asiento_venta":35467556,"nu_fila":0,"nu_asiento":16,"nu_piso":2,"co_estado_asiento":"LIB","no_tipo_asiento":"SEMI CAMA 140°","nu_columna":5,"id_clase_asiento":"CP2","no_clase_asiento":"Asiento compartido piso 02","va_precio":85.0},{"id_programacion_padre":900283,"id_programacion":900283,"id_asiento_venta":35467557,"nu_fila":0,"nu_asiento":20,"nu_piso":2,"co_estado_asiento":"LIB","no_tipo_asiento":"SEMI CAMA 140°","nu_columna":6,"id_clase_asiento":"CP2","no_clase_asiento":"Asiento compartido piso 02","va_precio":85.0},{"id_programacion_padre":900283,"id_programacion":900283,"id_asiento_venta":35467558,"nu_fila":0,"nu_asiento":24,"nu_piso":2,"co_estado_asiento":"LIB","no_tipo_asiento":"SEMI CAMA 140°","nu_columna":7,"id_clase_asiento":"CP2","no_clase_asiento":"Asiento compartido piso 02","va_precio":85.0},{"id_programacion_padre":900283,"id_programacion":900283,"id_asiento_venta":35467559,"nu_fila":0,"nu_asiento":28,"nu_piso":2,"co_estado_asiento":"LIB","no_tipo_asiento":"SEMI CAMA 140°","nu_columna":8,"id_clase_asiento":"CP2","no_clase_asiento":"Asiento compartido piso 02","va_precio":85.0},{"id_programacion_padre":900283,"id_programacion":900283,"id_asiento_venta":35467560,"nu_fila":0,"nu_asiento":32,"nu_piso":2,"co_estado_asiento":"LIB","no_tipo_asiento":"SEMI CAMA 140°","nu_columna":9,"id_clase_asiento":"CP2","no_clase_asiento":"Asiento compartido piso 02","va_precio":85.0},{"id_programacion_padre":900283,"id_programacion":900283,"id_asiento_venta":35467601,"nu_fila":0,"nu_asiento":36,"nu_piso":2,"co_estado_asiento":"LIB","no_tipo_asiento":"SEMI CAMA 140°","nu_columna":10,"id_clase_asiento":"CP2","no_clase_asiento":"Asiento compartido piso 02","va_precio":85.0},{"id_programacion_padre":900283,"id_programacion":900283,"id_asiento_venta":35467602,"nu_fila":0,"nu_asiento":40,"nu_piso":2,"co_estado_asiento":"LIB","no_tipo_asiento":"SEMI CAMA 140°","nu_columna":11,"id_clase_asiento":"CP2","no_clase_asiento":"Asiento compartido piso 02","va_precio":85.0},{"id_programacion_padre":900283,"id_programacion":900283,"id_asiento_venta":35467536,"nu_fila":1,"nu_asiento":0,"nu_piso":1,"co_estado_asiento":"LIB","no_tipo_asiento":"SOFA CAMA 160°","nu_columna":0,"id_clase_asiento":"CP2","no_clase_asiento":"Asiento compartido piso 02","va_precio":85.0},{"id_programacion_padre":900283,"id_programacion":900283,"id_asiento_venta":35467537,"nu_fila":1,"nu_asiento":300,"nu_piso":1,"co_estado_asiento":"LIB","no_tipo_asiento":"SOFA CAMA 160°","nu_columna":1,"id_clase_asiento":"CP2","no_clase_asiento":"Asiento compartido piso 02","va_precio":85.0},{"id_programacion_padre":900283,"id_programacion":900283,"id_asiento_venta":35467538,"nu_fila":1,"nu_asiento":0,"nu_piso":1,"co_estado_asiento":"LIB","no_tipo_asiento":"SOFA CAMA 160°","nu_columna":2,"id_clase_asiento":"CP2","no_clase_asiento":"Asiento compartido piso 02","va_precio":85.0},{"id_programacion_padre":900283,"id_programacion":900283,"id_asiento_venta":35467539,"nu_fila":1,"nu_asiento":0,"nu_piso":1,"co_estado_asiento":"LIB","no_tipo_asiento":"SOFA CAMA 160°","nu_columna":3,"id_clase_asiento":"CP2","no_clase_asiento":"Asiento compartido piso 02","va_precio":85.0},{"id_programacion_padre":900283,"id_programacion":900283,"id_asiento_venta":35467540,"nu_fila":1,"nu_asiento":0,"nu_piso":1,"co_estado_asiento":"LIB","no_tipo_asiento":"SOFA CAMA 160°","nu_columna":4,"id_clase_asiento":"CP2","no_clase_asiento":"Asiento compartido piso 02","va_precio":85.0},{"id_programacion_padre":900283,"id_programacion":900283,"id_asiento_venta":35467561,"nu_fila":1,"nu_asiento":3,"nu_piso":2,"co_estado_asiento":"LIB","no_tipo_asiento":"SEMI CAMA 140°","nu_columna":0,"id_clase_asiento":"CP2","no_clase_asiento":"Asiento compartido piso 02","va_precio":85.0},{"id_programacion_padre":900283,"id_programacion":900283,"id_asiento_venta":35467562,"nu_fila":1,"nu_asiento":200,"nu_piso":2,"co_estado_asiento":"LIB","no_tipo_asiento":"SEMI CAMA 140°","nu_columna":1,"id_clase_asiento":"CP2","no_clase_asiento":"Asiento compartido piso 02","va_precio":85.0},{"id_programacion_padre":900283,"id_programacion":900283,"id_asiento_venta":35467563,"nu_fila":1,"nu_asiento":400,"nu_piso":2,"co_estado_asiento":"LIB","no_tipo_asiento":"SEMI CAMA 140°","nu_columna":2,"id_clase_asiento":"CP2","no_clase_asiento":"Asiento compartido piso 02","va_precio":85.0},{"id_programacion_padre":900283,"id_programacion":900283,"id_asiento_venta":35467564,"nu_fila":1,"nu_asiento":7,"nu_piso":2,"co_estado_asiento":"LIB","no_tipo_asiento":"SEMI CAMA 140°","nu_columna":3,"id_clase_asiento":"CP2","no_clase_asiento":"Asiento compartido piso 02","va_precio":85.0},{"id_programacion_padre":900283,"id_programacion":900283,"id_asiento_venta":35467565,"nu_fila":1,"nu_asiento":11,"nu_piso":2,"co_estado_asiento":"LIB","no_tipo_asiento":"SEMI CAMA 140°","nu_columna":4,"id_clase_asiento":"CP2","no_clase_asiento":"Asiento compartido piso 02","va_precio":85.0},{"id_programacion_padre":900283,"id_programacion":900283,"id_asiento_venta":35467566,"nu_fila":1,"nu_asiento":15,"nu_piso":2,"co_estado_asiento":"LIB","no_tipo_asiento":"SEMI CAMA 140°","nu_columna":5,"id_clase_asiento":"CP2","no_clase_asiento":"Asiento compartido piso 02","va_precio":85.0},{"id_programacion_padre":900283,"id_programacion":900283,"id_asiento_venta":35467567,"nu_fila":1,"nu_asiento":19,"nu_piso":2,"co_estado_asiento":"LIB","no_tipo_asiento":"SEMI CAMA 140°","nu_columna":6,"id_clase_asiento":"CP2","no_clase_asiento":"Asiento compartido piso 02","va_precio":85.0},{"id_programacion_padre":900283,"id_programacion":900283,"id_asiento_venta":35467568,"nu_fila":1,"nu_asiento":23,"nu_piso":2,"co_estado_asiento":"LIB","no_tipo_asiento":"SEMI CAMA 140°","nu_columna":7,"id_clase_asiento":"CP2","no_clase_asiento":"Asiento compartido piso 02","va_precio":85.0},{"id_programacion_padre":900283,"id_programacion":900283,"id_asiento_venta":35467569,"nu_fila":1,"nu_asiento":27,"nu_piso":2,"co_estado_asiento":"LIB","no_tipo_asiento":"SEMI CAMA 140°","nu_columna":8,"id_clase_asiento":"CP2","no_clase_asiento":"Asiento compartido piso 02","va_precio":85.0},{"id_programacion_padre":900283,"id_programacion":900283,"id_asiento_venta":35467570,"nu_fila":1,"nu_asiento":31,"nu_piso":2,"co_estado_asiento":"LIB","no_tipo_asiento":"SEMI CAMA 140°","nu_columna":9,"id_clase_asiento":"CP2","no_clase_asiento":"Asiento compartido piso 02","va_precio":85.0},{"id_programacion_padre":900283,"id_programacion":900283,"id_asiento_venta":35467603,"nu_fila":1,"nu_asiento":35,"nu_piso":2,"co_estado_asiento":"LIB","no_tipo_asiento":"SEMI CAMA 140°","nu_columna":10,"id_clase_asiento":"CP2","no_clase_asiento":"Asiento compartido piso 02","va_precio":85.0},{"id_programacion_padre":900283,"id_programacion":900283,"id_asiento_venta":35467604,"nu_fila":1,"nu_asiento":39,"nu_piso":2,"co_estado_asiento":"LIB","no_tipo_asiento":"SEMI CAMA 140°","nu_columna":11,"id_clase_asiento":"CP2","no_clase_asiento":"Asiento compartido piso 02","va_precio":85.0},{"id_programacion_padre":900283,"id_programacion":900283,"id_asiento_venta":35467541,"nu_fila":2,"nu_asiento":500,"nu_piso":1,"co_estado_asiento":"LIB","no_tipo_asiento":"SOFA CAMA 160°","nu_columna":0,"id_clase_asiento":"CP2","no_clase_asiento":"Asiento compartido piso 02","va_precio":85.0},{"id_programacion_padre":900283,"id_programacion":900283,"id_asiento_venta":35467542,"nu_fila":2,"nu_asiento":46,"nu_piso":1,"co_estado_asiento":"LIB","no_tipo_asiento":"SOFA CAMA 160°","nu_columna":1,"id_clase_asiento":"CP1","no_clase_asiento":"Asiento compartido piso 01","va_precio":120.0},{"id_programacion_padre":900283,"id_programacion":900283,"id_asiento_venta":35467543,"nu_fila":2,"nu_asiento":50,"nu_piso":1,"co_estado_asiento":"LIB","no_tipo_asiento":"SOFA CAMA 160°","nu_columna":2,"id_clase_asiento":"CP1","no_clase_asiento":"Asiento compartido piso 01","va_precio":120.0},{"id_programacion_padre":900283,"id_programacion":900283,"id_asiento_venta":35467544,"nu_fila":2,"nu_asiento":54,"nu_piso":1,"co_estado_asiento":"LIB","no_tipo_asiento":"SOFA CAMA 160°","nu_columna":3,"id_clase_asiento":"CP1","no_clase_asiento":"Asiento compartido piso 01","va_precio":120.0},{"id_programacion_padre":900283,"id_programacion":900283,"id_asiento_venta":35467545,"nu_fila":2,"nu_asiento":56,"nu_piso":1,"co_estado_asiento":"LIB","no_tipo_asiento":"SOFA CAMA 160°","nu_columna":4,"id_clase_asiento":"CP1","no_clase_asiento":"Asiento compartido piso 01","va_precio":120.0},{"id_programacion_padre":900283,"id_programacion":900283,"id_asiento_venta":35467571,"nu_fila":2,"nu_asiento":300,"nu_piso":2,"co_estado_asiento":"LIB","no_tipo_asiento":"SEMI CAMA 140°","nu_columna":0,"id_clase_asiento":"CP2","no_clase_asiento":"Asiento compartido piso 02","va_precio":85.0},{"id_programacion_padre":900283,"id_programacion":900283,"id_asiento_venta":35467572,"nu_fila":2,"nu_asiento":0,"nu_piso":2,"co_estado_asiento":"LIB","no_tipo_asiento":"SEMI CAMA 140°","nu_columna":1,"id_clase_asiento":"CP2","no_clase_asiento":"Asiento compartido piso 02","va_precio":85.0},{"id_programacion_padre":900283,"id_programacion":900283,"id_asiento_venta":35467573,"nu_fila":2,"nu_asiento":0,"nu_piso":2,"co_estado_asiento":"LIB","no_tipo_asiento":"SEMI CAMA 140°","nu_columna":2,"id_clase_asiento":"CP2","no_clase_asiento":"Asiento compartido piso 02","va_precio":85.0},{"id_programacion_padre":900283,"id_programacion":900283,"id_asiento_venta":35467574,"nu_fila":2,"nu_asiento":0,"nu_piso":2,"co_estado_asiento":"LIB","no_tipo_asiento":"SEMI CAMA 140°","nu_columna":3,"id_clase_asiento":"CP2","no_clase_asiento":"Asiento compartido piso 02","va_precio":85.0},{"id_programacion_padre":900283,"id_programacion":900283,"id_asiento_venta":35467575,"nu_fila":2,"nu_asiento":300,"nu_piso":2,"co_estado_asiento":"LIB","no_tipo_asiento":"SEMI CAMA 140°","nu_columna":4,"id_clase_asiento":"CP2","no_clase_asiento":"Asiento compartido piso 02","va_precio":85.0},{"id_programacion_padre":900283,"id_programacion":900283,"id_asiento_venta":35467576,"nu_fila":2,"nu_asiento":0,"nu_piso":2,"co_estado_asiento":"LIB","no_tipo_asiento":"SEMI CAMA 140°","nu_columna":5,"id_clase_asiento":"CP2","no_clase_asiento":"Asiento compartido piso 02","va_precio":85.0},{"id_programacion_padre":900283,"id_programacion":900283,"id_asiento_venta":35467577,"nu_fila":2,"nu_asiento":0,"nu_piso":2,"co_estado_asiento":"LIB","no_tipo_asiento":"SEMI CAMA 140°","nu_columna":6,"id_clase_asiento":"CP2","no_clase_asiento":"Asiento compartido piso 02","va_precio":85.0},{"id_programacion_padre":900283,"id_programacion":900283,"id_asiento_venta":35467578,"nu_fila":2,"nu_asiento":0,"nu_piso":2,"co_estado_asiento":"LIB","no_tipo_asiento":"SEMI CAMA 140°","nu_columna":7,"id_clase_asiento":"CP2","no_clase_asiento":"Asiento compartido piso 02","va_precio":85.0},{"id_programacion_padre":900283,"id_programacion":900283,"id_asiento_venta":35467579,"nu_fila":2,"nu_asiento":300,"nu_piso":2,"co_estado_asiento":"LIB","no_tipo_asiento":"SEMI CAMA 140°","nu_columna":8,"id_clase_asiento":"CP2","no_clase_asiento":"Asiento compartido piso 02","va_precio":85.0},{"id_programacion_padre":900283,"id_programacion":900283,"id_asiento_venta":35467580,"nu_fila":2,"nu_asiento":0,"nu_piso":2,"co_estado_asiento":"LIB","no_tipo_asiento":"SEMI CAMA 140°","nu_columna":9,"id_clase_asiento":"CP2","no_clase_asiento":"Asiento compartido piso 02","va_precio":85.0},{"id_programacion_padre":900283,"id_programacion":900283,"id_asiento_venta":35467605,"nu_fila":2,"nu_asiento":0,"nu_piso":2,"co_estado_asiento":"LIB","no_tipo_asiento":"SEMI CAMA 140°","nu_columna":10,"id_clase_asiento":"CP2","no_clase_asiento":"Asiento compartido piso 02","va_precio":85.0},{"id_programacion_padre":900283,"id_programacion":900283,"id_asiento_venta":35467606,"nu_fila":2,"nu_asiento":0,"nu_piso":2,"co_estado_asiento":"LIB","no_tipo_asiento":"SEMI CAMA 140°","nu_columna":11,"id_clase_asiento":"CP2","no_clase_asiento":"Asiento compartido piso 02","va_precio":85.0},{"id_programacion_padre":900283,"id_programacion":900283,"id_asiento_venta":35467546,"nu_fila":3,"nu_asiento":0,"nu_piso":1,"co_estado_asiento":"LIB","no_tipo_asiento":"SOFA CAMA 160°","nu_columna":0,"id_clase_asiento":"CP2","no_clase_asiento":"Asiento compartido piso 02","va_precio":85.0},{"id_programacion_padre":900283,"id_programacion":900283,"id_asiento_venta":35467547,"nu_fila":3,"nu_asiento":45,"nu_piso":1,"co_estado_asiento":"LIB","no_tipo_asiento":"SOFA CAMA 160°","nu_columna":1,"id_clase_asiento":"CP1","no_clase_asiento":"Asiento compartido piso 01","va_precio":120.0},{"id_programacion_padre":900283,"id_programacion":900283,"id_asiento_venta":35467548,"nu_fila":3,"nu_asiento":49,"nu_piso":1,"co_estado_asiento":"LIB","no_tipo_asiento":"SOFA CAMA 160°","nu_columna":2,"id_clase_asiento":"CP1","no_clase_asiento":"Asiento compartido piso 01","va_precio":120.0},{"id_programacion_padre":900283,"id_programacion":900283,"id_asiento_venta":35467549,"nu_fila":3,"nu_asiento":53,"nu_piso":1,"co_estado_asiento":"LIB","no_tipo_asiento":"SOFA CAMA 160°","nu_columna":3,"id_clase_asiento":"CP1","no_clase_asiento":"Asiento compartido piso 01","va_precio":120.0},{"id_programacion_padre":900283,"id_programacion":900283,"id_asiento_venta":35467550,"nu_fila":3,"nu_asiento":55,"nu_piso":1,"co_estado_asiento":"LIB","no_tipo_asiento":"SOFA CAMA 160°","nu_columna":4,"id_clase_asiento":"CP1","no_clase_asiento":"Asiento compartido piso 01","va_precio":120.0},{"id_programacion_padre":900283,"id_programacion":900283,"id_asiento_venta":35467581,"nu_fila":3,"nu_asiento":2,"nu_piso":2,"co_estado_asiento":"LIB","no_tipo_asiento":"SEMI CAMA 140°","nu_columna":0,"id_clase_asiento":"CP2","no_clase_asiento":"Asiento compartido piso 02","va_precio":85.0},{"id_programacion_padre":900283,"id_programacion":900283,"id_asiento_venta":35467582,"nu_fila":3,"nu_asiento":6,"nu_piso":2,"co_estado_asiento":"LIB","no_tipo_asiento":"SEMI CAMA 140°","nu_columna":1,"id_clase_asiento":"CP2","no_clase_asiento":"Asiento compartido piso 02","va_precio":85.0},{"id_programacion_padre":900283,"id_programacion":900283,"id_asiento_venta":35467583,"nu_fila":3,"nu_asiento":10,"nu_piso":2,"co_estado_asiento":"LIB","no_tipo_asiento":"SEMI CAMA 140°","nu_columna":2,"id_clase_asiento":"CP2","no_clase_asiento":"Asiento compartido piso 02","va_precio":85.0},{"id_programacion_padre":900283,"id_programacion":900283,"id_asiento_venta":35467584,"nu_fila":3,"nu_asiento":14,"nu_piso":2,"co_estado_asiento":"LIB","no_tipo_asiento":"SEMI CAMA 140°","nu_columna":3,"id_clase_asiento":"CP2","no_clase_asiento":"Asiento compartido piso 02","va_precio":85.0},{"id_programacion_padre":900283,"id_programacion":900283,"id_asiento_venta":35467585,"nu_fila":3,"nu_asiento":18,"nu_piso":2,"co_estado_asiento":"LIB","no_tipo_asiento":"SEMI CAMA 140°","nu_columna":4,"id_clase_asiento":"CP2","no_clase_asiento":"Asiento compartido piso 02","va_precio":85.0},{"id_programacion_padre":900283,"id_programacion":900283,"id_asiento_venta":35467586,"nu_fila":3,"nu_asiento":22,"nu_piso":2,"co_estado_asiento":"LIB","no_tipo_asiento":"SEMI CAMA 140°","nu_columna":5,"id_clase_asiento":"CP2","no_clase_asiento":"Asiento compartido piso 02","va_precio":85.0},{"id_programacion_padre":900283,"id_programacion":900283,"id_asiento_venta":35467587,"nu_fila":3,"nu_asiento":26,"nu_piso":2,"co_estado_asiento":"LIB","no_tipo_asiento":"SEMI CAMA 140°","nu_columna":6,"id_clase_asiento":"CP2","no_clase_asiento":"Asiento compartido piso 02","va_precio":85.0},{"id_programacion_padre":900283,"id_programacion":900283,"id_asiento_venta":35467588,"nu_fila":3,"nu_asiento":30,"nu_piso":2,"co_estado_asiento":"LIB","no_tipo_asiento":"SEMI CAMA 140°","nu_columna":7,"id_clase_asiento":"CP2","no_clase_asiento":"Asiento compartido piso 02","va_precio":85.0},{"id_programacion_padre":900283,"id_programacion":900283,"id_asiento_venta":35467589,"nu_fila":3,"nu_asiento":34,"nu_piso":2,"co_estado_asiento":"LIB","no_tipo_asiento":"SEMI CAMA 140°","nu_columna":8,"id_clase_asiento":"CP2","no_clase_asiento":"Asiento compartido piso 02","va_precio":85.0},{"id_programacion_padre":900283,"id_programacion":900283,"id_asiento_venta":35467590,"nu_fila":3,"nu_asiento":38,"nu_piso":2,"co_estado_asiento":"LIB","no_tipo_asiento":"SEMI CAMA 140°","nu_columna":9,"id_clase_asiento":"CP2","no_clase_asiento":"Asiento compartido piso 02","va_precio":85.0},{"id_programacion_padre":900283,"id_programacion":900283,"id_asiento_venta":35467607,"nu_fila":3,"nu_asiento":42,"nu_piso":2,"co_estado_asiento":"LIB","no_tipo_asiento":"SEMI CAMA 140°","nu_columna":10,"id_clase_asiento":"CP2","no_clase_asiento":"Asiento compartido piso 02","va_precio":85.0},{"id_programacion_padre":900283,"id_programacion":900283,"id_asiento_venta":35467608,"nu_fila":3,"nu_asiento":44,"nu_piso":2,"co_estado_asiento":"LIB","no_tipo_asiento":"SEMI CAMA 140°","nu_columna":11,"id_clase_asiento":"CP2","no_clase_asiento":"Asiento compartido piso 02","va_precio":85.0},{"id_programacion_padre":900283,"id_programacion":900283,"id_asiento_venta":35467591,"nu_fila":4,"nu_asiento":1,"nu_piso":2,"co_estado_asiento":"LIB","no_tipo_asiento":"SEMI CAMA 140°","nu_columna":0,"id_clase_asiento":"CP2","no_clase_asiento":"Asiento compartido piso 02","va_precio":85.0},{"id_programacion_padre":900283,"id_programacion":900283,"id_asiento_venta":35467592,"nu_fila":4,"nu_asiento":5,"nu_piso":2,"co_estado_asiento":"LIB","no_tipo_asiento":"SEMI CAMA 140°","nu_columna":1,"id_clase_asiento":"CP2","no_clase_asiento":"Asiento compartido piso 02","va_precio":85.0},{"id_programacion_padre":900283,"id_programacion":900283,"id_asiento_venta":35467593,"nu_fila":4,"nu_asiento":9,"nu_piso":2,"co_estado_asiento":"LIB","no_tipo_asiento":"SEMI CAMA 140°","nu_columna":2,"id_clase_asiento":"CP2","no_clase_asiento":"Asiento compartido piso 02","va_precio":85.0},{"id_programacion_padre":900283,"id_programacion":900283,"id_asiento_venta":35467594,"nu_fila":4,"nu_asiento":13,"nu_piso":2,"co_estado_asiento":"LIB","no_tipo_asiento":"SEMI CAMA 140°","nu_columna":3,"id_clase_asiento":"CP2","no_clase_asiento":"Asiento compartido piso 02","va_precio":85.0},{"id_programacion_padre":900283,"id_programacion":900283,"id_asiento_venta":35467595,"nu_fila":4,"nu_asiento":17,"nu_piso":2,"co_estado_asiento":"LIB","no_tipo_asiento":"SEMI CAMA 140°","nu_columna":4,"id_clase_asiento":"CP2","no_clase_asiento":"Asiento compartido piso 02","va_precio":85.0},{"id_programacion_padre":900283,"id_programacion":900283,"id_asiento_venta":35467596,"nu_fila":4,"nu_asiento":21,"nu_piso":2,"co_estado_asiento":"LIB","no_tipo_asiento":"SEMI CAMA 140°","nu_columna":5,"id_clase_asiento":"CP2","no_clase_asiento":"Asiento compartido piso 02","va_precio":85.0},{"id_programacion_padre":900283,"id_programacion":900283,"id_asiento_venta":35467597,"nu_fila":4,"nu_asiento":25,"nu_piso":2,"co_estado_asiento":"LIB","no_tipo_asiento":"SEMI CAMA 140°","nu_columna":6,"id_clase_asiento":"CP2","no_clase_asiento":"Asiento compartido piso 02","va_precio":85.0},{"id_programacion_padre":900283,"id_programacion":900283,"id_asiento_venta":35467598,"nu_fila":4,"nu_asiento":29,"nu_piso":2,"co_estado_asiento":"LIB","no_tipo_asiento":"SEMI CAMA 140°","nu_columna":7,"id_clase_asiento":"CP2","no_clase_asiento":"Asiento compartido piso 02","va_precio":85.0},{"id_programacion_padre":900283,"id_programacion":900283,"id_asiento_venta":35467599,"nu_fila":4,"nu_asiento":33,"nu_piso":2,"co_estado_asiento":"LIB","no_tipo_asiento":"SEMI CAMA 140°","nu_columna":8,"id_clase_asiento":"CP2","no_clase_asiento":"Asiento compartido piso 02","va_precio":85.0},{"id_programacion_padre":900283,"id_programacion":900283,"id_asiento_venta":35467600,"nu_fila":4,"nu_asiento":37,"nu_piso":2,"co_estado_asiento":"LIB","no_tipo_asiento":"SEMI CAMA 140°","nu_columna":9,"id_clase_asiento":"CP2","no_clase_asiento":"Asiento compartido piso 02","va_precio":85.0},{"id_programacion_padre":900283,"id_programacion":900283,"id_asiento_venta":35467609,"nu_fila":4,"nu_asiento":41,"nu_piso":2,"co_estado_asiento":"LIB","no_tipo_asiento":"SEMI CAMA 140°","nu_columna":10,"id_clase_asiento":"CP2","no_clase_asiento":"Asiento compartido piso 02","va_precio":85.0},{"id_programacion_padre":900283,"id_programacion":900283,"id_asiento_venta":35467610,"nu_fila":4,"nu_asiento":43,"nu_piso":2,"co_estado_asiento":"LIB","no_tipo_asiento":"SEMI CAMA 140°","nu_columna":11,"id_clase_asiento":"CP2","no_clase_asiento":"Asiento compartido piso 02","va_precio":85.0}]} 
2025-10-03 04:28:48.0468 INFO loggerendpoint RequestUri: http://localhost:64584/api/v1/reservar-asiento JsonEntrada: {
    "id_programacion_padre":900283,
    "id_asiento_venta":35467534,
    "nu_asiento":51
}
 
2025-10-03 04:28:48.0583 INFO loggerendpoint {
    "id_programacion_padre":900283,
    "id_asiento_venta":35467534,
    "nu_asiento":51
}
 
2025-10-03 04:28:48.1967 INFO loggerendpoint {"Codigoresultado":0,"Resultado":"Asiento Bloqueado correctamente","Data":{"CodRespuesta":0,"Mensaje":"Asiento Bloqueado correctamente"}} 
2025-10-03 04:29:31.3766 INFO loggerendpoint RequestUri: http://localhost:64584/api/v1/confirmar-venta JsonEntrada: {
    "id_punto_venta":1,
    "id_punto_venta_registro":1,
    "nu_boleto_venta":1,
    "va_monto_total":130,
    "nu_operacion":"testkp001",
    "co_tipo_tarjeta":"VIS",
    "id_programacion_ida":900283,
    "id_programacion_retorno":null,
    "nu_pedido_safety":"KPOO1",
    "nu_referencia_safety":"KP001",
    "id_pagador":76235647,
    "id_destino":7,
    "id_ciudad_destino":3,
    "id_ciudad_origen":1

}
 
2025-10-03 04:29:31.3766 INFO loggerendpoint {
    "id_punto_venta":1,
    "id_punto_venta_registro":1,
    "nu_boleto_venta":1,
    "va_monto_total":130,
    "nu_operacion":"testkp001",
    "co_tipo_tarjeta":"VIS",
    "id_programacion_ida":900283,
    "id_programacion_retorno":null,
    "nu_pedido_safety":"KPOO1",
    "nu_referencia_safety":"KP001",
    "id_pagador":76235647,
    "id_destino":7,
    "id_ciudad_destino":3,
    "id_ciudad_origen":1

}
 
2025-10-03 04:29:31.5853 INFO loggerendpoint {"Codigoresultado":0,"Resultado":"Venta Registrada correctamente","Data":{"id_cabecera_venta":7721475,"id_venta":8262537,"id_pedido":3479371,"CodRespuesta":0,"Mensaje":"Venta Registrada correctamente"}} 
2025-10-03 04:31:43.4574 INFO loggerendpoint RequestUri: http://localhost:64584/api/v1/generar-boleto JsonEntrada: {
    "id_venta":8262537,
    "id_asiento_venta":35467534,
    "va_venta":130.000,
    "co_tipo_tarjeta":"VIS",
    "am_pasajero":"GARRIDO",
    "ap_pasajero":"CANALES",
    "no_pasajero":"ELIECER ANTONIO",
    "nu_documento":"14318831-0",
    "id_pasajero":null,
    "id_destino":7,
    "id_ciudad_destino":3,
    "id_ciudad_origen":1,
    "id_usuario":2841,
    "de_total_letras":"TREINTA Y CINCO 00/100 SOLES.",
    "no_oficina_venta":"ONLINE",
    "nu_asiento":51,
    "nu_ip_venta":"",
    "id_programacion":900283,
    "nu_ruc":"14318831001",
    "no_razon_social":"ESYSTEM LIMITADA",
    "de_direccion":"DIRECCION AV 1"
}
 
2025-10-03 04:31:43.4574 INFO loggerendpoint {
    "id_venta":8262537,
    "id_asiento_venta":35467534,
    "va_venta":130.000,
    "co_tipo_tarjeta":"VIS",
    "am_pasajero":"GARRIDO",
    "ap_pasajero":"CANALES",
    "no_pasajero":"ELIECER ANTONIO",
    "nu_documento":"14318831-0",
    "id_pasajero":null,
    "id_destino":7,
    "id_ciudad_destino":3,
    "id_ciudad_origen":1,
    "id_usuario":2841,
    "de_total_letras":"TREINTA Y CINCO 00/100 SOLES.",
    "no_oficina_venta":"ONLINE",
    "nu_asiento":51,
    "nu_ip_venta":"",
    "id_programacion":900283,
    "nu_ruc":"14318831001",
    "no_razon_social":"ESYSTEM LIMITADA",
    "de_direccion":"DIRECCION AV 1"
}
 
2025-10-03 04:31:43.7934 INFO loggerendpoint {"Codigoresultado":0,"Resultado":"Boleto Registrado correctamente","Data":{"id_comprobante_pago":11264852,"id_detalle":11249321,"id_boleto":10367649,"CodRespuesta":0,"Mensaje":"Boleto Registrado correctamente"}} 
2025-10-03 04:32:33.2856 INFO loggerendpoint RequestUri: http://localhost:64584/api/v1/tracking JsonEntrada: {
    "id_asiento_venta":35467534,
    "nu_asiento":51,
    "id_usuario":2841,
    "id_boleto":10367649,
    "va_venta":130.000,
    "numero_operacion":"100130103",
    "am_pasajero":"CANALES",
    "ap_pasajero":"GARRIDO",
    "no_pasajero":"ELIECER ANTONIO",
    "id_destino":7,
    "id_ciudad_origen":3,
    "id_ciudad_destino":1,
    "id_programacion":900283
}
 
2025-10-03 04:32:33.2856 INFO loggerendpoint {
    "id_asiento_venta":35467534,
    "nu_asiento":51,
    "id_usuario":2841,
    "id_boleto":10367649,
    "va_venta":130.000,
    "numero_operacion":"100130103",
    "am_pasajero":"CANALES",
    "ap_pasajero":"GARRIDO",
    "no_pasajero":"ELIECER ANTONIO",
    "id_destino":7,
    "id_ciudad_origen":3,
    "id_ciudad_destino":1,
    "id_programacion":900283
}
 
2025-10-03 04:32:33.4021 INFO loggerendpoint {"Codigoresultado":0,"Resultado":"Tracking Registrada correctamente","Data":{"id_log_auditoria":15259621,"id_tracking_boleto":23117455,"id_tracking_asiento":53595313,"CodRespuesta":0,"Mensaje":"Tracking Registrada correctamente"}} 
2025-10-03 04:48:16.0710 INFO loggerendpoint RequestUri: http://localhost:64584/api/v1/reservar-asiento JsonEntrada: {
    "id_programacion_padre":900283,
    "id_asiento_venta":35467535,
    "nu_asiento":52
}
 
2025-10-03 04:48:16.1182 INFO loggerendpoint {
    "id_programacion_padre":900283,
    "id_asiento_venta":35467535,
    "nu_asiento":52
}
 
2025-10-03 04:48:16.7900 INFO loggerendpoint {"Codigoresultado":0,"Resultado":"Asiento Bloqueado correctamente","Data":{"CodRespuesta":0,"Mensaje":"Asiento Bloqueado correctamente"}} 
2025-10-03 04:49:09.4367 INFO loggerendpoint RequestUri: http://localhost:64584/api/v1/confirmar-venta JsonEntrada: {
    "id_punto_venta":1,
    "id_punto_venta_registro":1,
    "nu_boleto_venta":1,
    "va_monto_total":130,
    "nu_operacion":"testkp001",
    "co_tipo_tarjeta":"VIS",
    "id_programacion_ida":900283,
    "id_programacion_retorno":null,
    "nu_pedido_safety":"KPOO1",
    "nu_referencia_safety":"KP001",
    "id_pagador":76235647,
    "id_destino":7,
    "id_ciudad_destino":3,
    "id_ciudad_origen":1,
    "nu_ruc":"14318831002",
    "no_razon_social":"ESYSTEM LIMITADA",
    "de_direccion":"DIRECCION AV 1",
    "id_usuario":2841

}
 
2025-10-03 04:49:09.4367 INFO loggerendpoint {
    "id_punto_venta":1,
    "id_punto_venta_registro":1,
    "nu_boleto_venta":1,
    "va_monto_total":130,
    "nu_operacion":"testkp001",
    "co_tipo_tarjeta":"VIS",
    "id_programacion_ida":900283,
    "id_programacion_retorno":null,
    "nu_pedido_safety":"KPOO1",
    "nu_referencia_safety":"KP001",
    "id_pagador":76235647,
    "id_destino":7,
    "id_ciudad_destino":3,
    "id_ciudad_origen":1,
    "nu_ruc":"14318831002",
    "no_razon_social":"ESYSTEM LIMITADA",
    "de_direccion":"DIRECCION AV 1",
    "id_usuario":2841

}
 
2025-10-03 04:49:09.5830 INFO loggerendpoint {"Codigoresultado":0,"Resultado":"Venta Registrada correctamente","Data":{"id_cabecera_venta":7721476,"id_venta":8262538,"id_pedido":3479372,"CodRespuesta":0,"Mensaje":"Venta Registrada correctamente"}} 
2025-10-03 04:50:50.5593 INFO loggerendpoint RequestUri: http://localhost:64584/api/v1/confirmar-venta JsonEntrada: {
    "id_punto_venta":1,
    "id_punto_venta_registro":1,
    "nu_boleto_venta":1,
    "va_monto_total":130,
    "nu_operacion":"testkp001",
    "co_tipo_tarjeta":"VIS",
    "id_programacion_ida":900283,
    "id_programacion_retorno":null,
    "nu_pedido_safety":"KPOO1",
    "nu_referencia_safety":"KP001",
    "id_pagador":76235647,
    "id_destino":7,
    "id_ciudad_destino":3,
    "id_ciudad_origen":1,
    "nu_ruc":"14318831002",
    "no_razon_social":"ESYSTEM LIMITADA",
    "de_direccion":"DIRECCION AV 1",
    "id_usuario":2841

}
 
2025-10-03 04:50:50.5593 INFO loggerendpoint {
    "id_punto_venta":1,
    "id_punto_venta_registro":1,
    "nu_boleto_venta":1,
    "va_monto_total":130,
    "nu_operacion":"testkp001",
    "co_tipo_tarjeta":"VIS",
    "id_programacion_ida":900283,
    "id_programacion_retorno":null,
    "nu_pedido_safety":"KPOO1",
    "nu_referencia_safety":"KP001",
    "id_pagador":76235647,
    "id_destino":7,
    "id_ciudad_destino":3,
    "id_ciudad_origen":1,
    "nu_ruc":"14318831002",
    "no_razon_social":"ESYSTEM LIMITADA",
    "de_direccion":"DIRECCION AV 1",
    "id_usuario":2841

}
 
2025-10-03 04:50:50.6475 INFO loggerendpoint {"Codigoresultado":0,"Resultado":"Venta Registrada correctamente","Data":{"id_cabecera_venta":7721477,"id_venta":8262539,"id_pedido":3479373,"CodRespuesta":0,"Mensaje":"Venta Registrada correctamente"}} 
2025-10-03 04:51:37.5862 INFO loggerendpoint RequestUri: http://localhost:64584/api/v1/generar-boleto JsonEntrada: {
    "id_venta":8262539,
    "id_asiento_venta":35467535,
    "va_venta":130.000,
    "co_tipo_tarjeta":"VIS",
    "am_pasajero":"GARRIDO",
    "ap_pasajero":"CANALES",
    "no_pasajero":"ELIECER ANTONIO",
    "nu_documento":"14318831-0",
    "id_pasajero":null,
    "id_destino":7,
    "id_ciudad_destino":3,
    "id_ciudad_origen":1,
    "id_usuario":2841,
    "de_total_letras":"TREINTA Y CINCO 00/100 SOLES.",
    "no_oficina_venta":"ONLINE",
    "nu_asiento":52,
    "nu_ip_venta":"",
    "id_programacion":900283,
    "nu_ruc":"14318831002",
    "no_razon_social":"ESYSTEM LIMITADA",
    "de_direccion":"DIRECCION AV 1"
}
 
2025-10-03 04:51:37.5862 INFO loggerendpoint {
    "id_venta":8262539,
    "id_asiento_venta":35467535,
    "va_venta":130.000,
    "co_tipo_tarjeta":"VIS",
    "am_pasajero":"GARRIDO",
    "ap_pasajero":"CANALES",
    "no_pasajero":"ELIECER ANTONIO",
    "nu_documento":"14318831-0",
    "id_pasajero":null,
    "id_destino":7,
    "id_ciudad_destino":3,
    "id_ciudad_origen":1,
    "id_usuario":2841,
    "de_total_letras":"TREINTA Y CINCO 00/100 SOLES.",
    "no_oficina_venta":"ONLINE",
    "nu_asiento":52,
    "nu_ip_venta":"",
    "id_programacion":900283,
    "nu_ruc":"14318831002",
    "no_razon_social":"ESYSTEM LIMITADA",
    "de_direccion":"DIRECCION AV 1"
}
 
2025-10-03 04:51:37.7523 INFO loggerendpoint {"Codigoresultado":0,"Resultado":"Boleto Registrado correctamente","Data":{"id_comprobante_pago":11264853,"id_detalle":11249322,"id_boleto":10367650,"CodRespuesta":0,"Mensaje":"Boleto Registrado correctamente"}} 
2025-10-03 04:52:13.6888 INFO loggerendpoint RequestUri: http://localhost:64584/api/v1/tracking JsonEntrada: {
    "id_asiento_venta":35467535,
    "nu_asiento":52,
    "id_usuario":2841,
    "id_boleto":10367650,
    "va_venta":130.000,
    "numero_operacion":"100130103",
    "am_pasajero":"CANALES",
    "ap_pasajero":"GARRIDO",
    "no_pasajero":"ELIECER ANTONIO",
    "id_destino":7,
    "id_ciudad_origen":3,
    "id_ciudad_destino":1,
    "id_programacion":900283
}
 
2025-10-03 04:52:13.6888 INFO loggerendpoint {
    "id_asiento_venta":35467535,
    "nu_asiento":52,
    "id_usuario":2841,
    "id_boleto":10367650,
    "va_venta":130.000,
    "numero_operacion":"100130103",
    "am_pasajero":"CANALES",
    "ap_pasajero":"GARRIDO",
    "no_pasajero":"ELIECER ANTONIO",
    "id_destino":7,
    "id_ciudad_origen":3,
    "id_ciudad_destino":1,
    "id_programacion":900283
}
 
2025-10-03 04:52:13.8024 INFO loggerendpoint {"Codigoresultado":0,"Resultado":"Tracking Registrada correctamente","Data":{"id_log_auditoria":15259622,"id_tracking_boleto":23117456,"id_tracking_asiento":53595314,"CodRespuesta":0,"Mensaje":"Tracking Registrada correctamente"}} 
2025-10-03 04:54:26.6080 INFO loggerendpoint RequestUri: http://localhost:64584/api/v1/confirmar-venta JsonEntrada: {
    "id_punto_venta":1,
    "id_punto_venta_registro":1,
    "nu_boleto_venta":1,
    "va_monto_total":130,
    "nu_operacion":"testkp001",
    "co_tipo_tarjeta":"VIS",
    "id_programacion_ida":900283,
    "id_programacion_retorno":null,
    "nu_pedido_safety":"KPOO1",
    "nu_referencia_safety":"KP001",
    "id_pagador":76235647,
    "id_destino":7,
    "id_ciudad_destino":3,
    "id_ciudad_origen":1,
    "nu_ruc":"14318831002",
    "no_razon_social":"ESYSTEM LIMITADA",
    "de_direccion":"DIRECCION AV 1",
    "id_usuario":2841

}
 
2025-10-03 04:54:26.6080 INFO loggerendpoint {
    "id_punto_venta":1,
    "id_punto_venta_registro":1,
    "nu_boleto_venta":1,
    "va_monto_total":130,
    "nu_operacion":"testkp001",
    "co_tipo_tarjeta":"VIS",
    "id_programacion_ida":900283,
    "id_programacion_retorno":null,
    "nu_pedido_safety":"KPOO1",
    "nu_referencia_safety":"KP001",
    "id_pagador":76235647,
    "id_destino":7,
    "id_ciudad_destino":3,
    "id_ciudad_origen":1,
    "nu_ruc":"14318831002",
    "no_razon_social":"ESYSTEM LIMITADA",
    "de_direccion":"DIRECCION AV 1",
    "id_usuario":2841

}
 
2025-10-03 04:54:26.7362 INFO loggerendpoint {"Codigoresultado":0,"Resultado":"Venta Registrada correctamente","Data":{"id_cabecera_venta":7721478,"id_venta":8262540,"id_pedido":3479374,"CodRespuesta":0,"Mensaje":"Venta Registrada correctamente"}} 
2025-10-03 04:54:52.3733 INFO loggerendpoint RequestUri: http://localhost:64584/api/v1/generar-boleto JsonEntrada: {
    "id_venta":8262540,
    "id_asiento_venta":35467535,
    "va_venta":130.000,
    "co_tipo_tarjeta":"VIS",
    "am_pasajero":"GARRIDO",
    "ap_pasajero":"CANALES",
    "no_pasajero":"ELIECER ANTONIO",
    "nu_documento":"14318831-0",
    "id_pasajero":null,
    "id_destino":7,
    "id_ciudad_destino":3,
    "id_ciudad_origen":1,
    "id_usuario":2841,
    "de_total_letras":"TREINTA Y CINCO 00/100 SOLES.",
    "no_oficina_venta":"ONLINE",
    "nu_asiento":52,
    "nu_ip_venta":"",
    "id_programacion":900283,
    "nu_ruc":"14318831002",
    "no_razon_social":"ESYSTEM LIMITADA",
    "de_direccion":"DIRECCION AV 1"
}
 
2025-10-03 04:54:52.3733 INFO loggerendpoint {
    "id_venta":8262540,
    "id_asiento_venta":35467535,
    "va_venta":130.000,
    "co_tipo_tarjeta":"VIS",
    "am_pasajero":"GARRIDO",
    "ap_pasajero":"CANALES",
    "no_pasajero":"ELIECER ANTONIO",
    "nu_documento":"14318831-0",
    "id_pasajero":null,
    "id_destino":7,
    "id_ciudad_destino":3,
    "id_ciudad_origen":1,
    "id_usuario":2841,
    "de_total_letras":"TREINTA Y CINCO 00/100 SOLES.",
    "no_oficina_venta":"ONLINE",
    "nu_asiento":52,
    "nu_ip_venta":"",
    "id_programacion":900283,
    "nu_ruc":"14318831002",
    "no_razon_social":"ESYSTEM LIMITADA",
    "de_direccion":"DIRECCION AV 1"
}
 
2025-10-03 04:54:52.5128 INFO loggerendpoint {"Codigoresultado":1,"Resultado":"Asiento ya no esta disponible","Data":{"id_comprobante_pago":0,"id_detalle":0,"id_boleto":0,"CodRespuesta":1,"Mensaje":"Asiento ya no esta disponible"}} 
2025-10-03 04:55:00.6273 INFO loggerendpoint RequestUri: http://localhost:64584/api/v1/generar-boleto JsonEntrada: {
    "id_venta":8262540,
    "id_asiento_venta":35467536,
    "va_venta":130.000,
    "co_tipo_tarjeta":"VIS",
    "am_pasajero":"GARRIDO",
    "ap_pasajero":"CANALES",
    "no_pasajero":"ELIECER ANTONIO",
    "nu_documento":"14318831-0",
    "id_pasajero":null,
    "id_destino":7,
    "id_ciudad_destino":3,
    "id_ciudad_origen":1,
    "id_usuario":2841,
    "de_total_letras":"TREINTA Y CINCO 00/100 SOLES.",
    "no_oficina_venta":"ONLINE",
    "nu_asiento":52,
    "nu_ip_venta":"",
    "id_programacion":900283,
    "nu_ruc":"14318831002",
    "no_razon_social":"ESYSTEM LIMITADA",
    "de_direccion":"DIRECCION AV 1"
}
 
2025-10-03 04:55:00.6273 INFO loggerendpoint {
    "id_venta":8262540,
    "id_asiento_venta":35467536,
    "va_venta":130.000,
    "co_tipo_tarjeta":"VIS",
    "am_pasajero":"GARRIDO",
    "ap_pasajero":"CANALES",
    "no_pasajero":"ELIECER ANTONIO",
    "nu_documento":"14318831-0",
    "id_pasajero":null,
    "id_destino":7,
    "id_ciudad_destino":3,
    "id_ciudad_origen":1,
    "id_usuario":2841,
    "de_total_letras":"TREINTA Y CINCO 00/100 SOLES.",
    "no_oficina_venta":"ONLINE",
    "nu_asiento":52,
    "nu_ip_venta":"",
    "id_programacion":900283,
    "nu_ruc":"14318831002",
    "no_razon_social":"ESYSTEM LIMITADA",
    "de_direccion":"DIRECCION AV 1"
}
 
2025-10-03 04:55:00.8114 INFO loggerendpoint {"Codigoresultado":0,"Resultado":"Boleto Registrado correctamente","Data":{"id_comprobante_pago":11264854,"id_detalle":11249323,"id_boleto":10367651,"CodRespuesta":0,"Mensaje":"Boleto Registrado correctamente"}} 
2025-10-03 04:55:34.2645 INFO loggerendpoint RequestUri: http://localhost:64584/api/v1/tracking JsonEntrada: {
    "id_asiento_venta":35467536,
    "nu_asiento":52,
    "id_usuario":2841,
    "id_boleto":10367651,
    "va_venta":130.000,
    "numero_operacion":"100130103",
    "am_pasajero":"CANALES",
    "ap_pasajero":"GARRIDO",
    "no_pasajero":"ELIECER ANTONIO",
    "id_destino":7,
    "id_ciudad_origen":3,
    "id_ciudad_destino":1,
    "id_programacion":900283
}
 
2025-10-03 04:55:34.2645 INFO loggerendpoint {
    "id_asiento_venta":35467536,
    "nu_asiento":52,
    "id_usuario":2841,
    "id_boleto":10367651,
    "va_venta":130.000,
    "numero_operacion":"100130103",
    "am_pasajero":"CANALES",
    "ap_pasajero":"GARRIDO",
    "no_pasajero":"ELIECER ANTONIO",
    "id_destino":7,
    "id_ciudad_origen":3,
    "id_ciudad_destino":1,
    "id_programacion":900283
}
 
2025-10-03 04:55:34.3658 INFO loggerendpoint {"Codigoresultado":0,"Resultado":"Tracking Registrada correctamente","Data":{"id_log_auditoria":15259623,"id_tracking_boleto":23117457,"id_tracking_asiento":53595315,"CodRespuesta":0,"Mensaje":"Tracking Registrada correctamente"}} 
